running develop
running egg_info
creating tomato_fram.egg-info
writing tomato_fram.egg-info/PKG-INFO
writing dependency_links to tomato_fram.egg-info/dependency_links.txt
writing entry points to tomato_fram.egg-info/entry_points.txt
writing requirements to tomato_fram.egg-info/requires.txt
writing top-level names to tomato_fram.egg-info/top_level.txt
writing manifest file 'tomato_fram.egg-info/SOURCES.txt'
reading manifest file 'tomato_fram.egg-info/SOURCES.txt'
writing manifest file 'tomato_fram.egg-info/SOURCES.txt'
running build_ext
Creating /home/g1/tomato_ws/install/tomato_fram/lib/python3.10/site-packages/tomato-fram.egg-link (link to .)

Installed /home/g1/tomato_ws/build/tomato_fram
running symlink_data
creating /home/g1/tomato_ws/install/tomato_fram/share/ament_index
creating /home/g1/tomato_ws/install/tomato_fram/share/ament_index/resource_index
creating /home/g1/tomato_ws/install/tomato_fram/share/ament_index/resource_index/packages
symbolically linking /home/g1/tomato_ws/build/tomato_fram/resource/tomato_fram -> /home/g1/tomato_ws/install/tomato_fram/share/ament_index/resource_index/packages
symbolically linking /home/g1/tomato_ws/build/tomato_fram/package.xml -> /home/g1/tomato_ws/install/tomato_fram/share/tomato_fram
creating /home/g1/tomato_ws/install/tomato_fram/share/tomato_fram/launch
symbolically linking /home/g1/tomato_ws/build/tomato_fram/launch/gazebo_multi_nav2_world.launch.py -> /home/g1/tomato_ws/install/tomato_fram/share/tomato_fram/launch
symbolically linking /home/g1/tomato_ws/build/tomato_fram/launch/upload_robot.launch.py -> /home/g1/tomato_ws/install/tomato_fram/share/tomato_fram/launch
symbolically linking /home/g1/tomato_ws/build/tomato_fram/launch/tomato_fram_robot.launch.py -> /home/g1/tomato_ws/install/tomato_fram/share/tomato_fram/launch
creating /home/g1/tomato_ws/install/tomato_fram/share/tomato_fram/urdf
creating /home/g1/tomato_ws/install/tomato_fram/share/tomato_fram/worlds
