[0.075s] DEBUG:colcon:Command line arguments: ['/usr/bin/colcon', 'build', '--symlink-install']
[0.075s] DEBUG:colcon:Parsed command line arguments: Namespace(log_base=None, log_level=None, verb_name='build', build_base='build', install_base='install', merge_install=False, symlink_install=True, test_result_base=None, continue_on_error=False, executor='parallel', parallel_workers=16, event_handlers=None, ignore_user_meta=False, metas=['./colcon.meta'], base_paths=['.'], packages_ignore=None, packages_ignore_regex=None, paths=None, packages_up_to=None, packages_up_to_regex=None, packages_above=None, packages_above_and_dependencies=None, packages_above_depth=None, packages_select_by_dep=None, packages_skip_by_dep=None, packages_skip_up_to=None, packages_select_build_failed=False, packages_skip_build_finished=False, packages_select_test_failures=False, packages_skip_test_passed=False, packages_select=None, packages_skip=None, packages_select_regex=None, packages_skip_regex=None, packages_start=None, packages_end=None, allow_overriding=[], cmake_args=None, cmake_target=None, cmake_target_skip_unavailable=False, cmake_clean_cache=False, cmake_clean_first=False, cmake_force_configure=False, ament_cmake_args=None, catkin_cmake_args=None, catkin_skip_building_tests=False, verb_parser=<colcon_defaults.argument_parser.defaults.DefaultArgumentsDecorator object at 0x739e037ceb90>, verb_extension=<colcon_core.verb.build.BuildVerb object at 0x739e037ce6b0>, main=<bound method BuildVerb.main of <colcon_core.verb.build.BuildVerb object at 0x739e037ce6b0>>)
[0.214s] Level 1:colcon.colcon_core.package_discovery:discover_packages(colcon_meta) check parameters
[0.214s] Level 1:colcon.colcon_core.package_discovery:discover_packages(recursive) check parameters
[0.214s] Level 1:colcon.colcon_core.package_discovery:discover_packages(ignore) check parameters
[0.214s] Level 1:colcon.colcon_core.package_discovery:discover_packages(path) check parameters
[0.214s] Level 1:colcon.colcon_core.package_discovery:discover_packages(colcon_meta) discover
[0.214s] Level 1:colcon.colcon_core.package_discovery:discover_packages(recursive) discover
[0.214s] INFO:colcon.colcon_core.package_discovery:Crawling recursively for packages in '/home/g1/tomato_ws/src'
[0.214s] Level 1:colcon.colcon_core.package_identification:_identify(.) by extensions ['ignore', 'ignore_ament_install']
[0.214s] Level 1:colcon.colcon_core.package_identification:_identify(.) by extension 'ignore'
[0.214s] Level 1:colcon.colcon_core.package_identification:_identify(.) by extension 'ignore_ament_install'
[0.214s] Level 1:colcon.colcon_core.package_identification:_identify(.) by extensions ['colcon_pkg']
[0.214s] Level 1:colcon.colcon_core.package_identification:_identify(.) by extension 'colcon_pkg'
[0.214s] Level 1:colcon.colcon_core.package_identification:_identify(.) by extensions ['colcon_meta']
[0.214s] Level 1:colcon.colcon_core.package_identification:_identify(.) by extension 'colcon_meta'
[0.214s] Level 1:colcon.colcon_core.package_identification:_identify(.) by extensions ['ros']
[0.214s] Level 1:colcon.colcon_core.package_identification:_identify(.) by extension 'ros'
[0.221s] Level 1:colcon.colcon_core.package_identification:_identify(.) by extensions ['cmake', 'python']
[0.221s] Level 1:colcon.colcon_core.package_identification:_identify(.) by extension 'cmake'
[0.221s] Level 1:colcon.colcon_core.package_identification:_identify(.) by extension 'python'
[0.221s] Level 1:colcon.colcon_core.package_identification:_identify(.) by extensions ['python_setup_py']
[0.221s] Level 1:colcon.colcon_core.package_identification:_identify(.) by extension 'python_setup_py'
[0.221s] Level 1:colcon.colcon_core.package_identification:_identify(build) by extensions ['ignore', 'ignore_ament_install']
[0.221s] Level 1:colcon.colcon_core.package_identification:_identify(build) by extension 'ignore'
[0.221s] Level 1:colcon.colcon_core.package_identification:_identify(build) ignored
[0.221s] Level 1:colcon.colcon_core.package_identification:_identify(description) by extensions ['ignore', 'ignore_ament_install']
[0.221s] Level 1:colcon.colcon_core.package_identification:_identify(description) by extension 'ignore'
[0.221s] Level 1:colcon.colcon_core.package_identification:_identify(description) by extension 'ignore_ament_install'
[0.221s] Level 1:colcon.colcon_core.package_identification:_identify(description) by extensions ['colcon_pkg']
[0.221s] Level 1:colcon.colcon_core.package_identification:_identify(description) by extension 'colcon_pkg'
[0.221s] Level 1:colcon.colcon_core.package_identification:_identify(description) by extensions ['colcon_meta']
[0.221s] Level 1:colcon.colcon_core.package_identification:_identify(description) by extension 'colcon_meta'
[0.221s] Level 1:colcon.colcon_core.package_identification:_identify(description) by extensions ['ros']
[0.221s] Level 1:colcon.colcon_core.package_identification:_identify(description) by extension 'ros'
[0.223s] DEBUG:colcon.colcon_core.package_identification:Package 'description' with type 'ros.ament_cmake' and name 'description'
[0.223s] Level 1:colcon.colcon_core.package_identification:_identify(install) by extensions ['ignore', 'ignore_ament_install']
[0.223s] Level 1:colcon.colcon_core.package_identification:_identify(install) by extension 'ignore'
[0.223s] Level 1:colcon.colcon_core.package_identification:_identify(install) ignored
[0.223s] Level 1:colcon.colcon_core.package_identification:_identify(log) by extensions ['ignore', 'ignore_ament_install']
[0.223s] Level 1:colcon.colcon_core.package_identification:_identify(log) by extension 'ignore'
[0.223s] Level 1:colcon.colcon_core.package_identification:_identify(log) ignored
[0.223s] Level 1:colcon.colcon_core.package_identification:_identify(tomato_fram) by extensions ['ignore', 'ignore_ament_install']
[0.223s] Level 1:colcon.colcon_core.package_identification:_identify(tomato_fram) by extension 'ignore'
[0.223s] Level 1:colcon.colcon_core.package_identification:_identify(tomato_fram) by extension 'ignore_ament_install'
[0.223s] Level 1:colcon.colcon_core.package_identification:_identify(tomato_fram) by extensions ['colcon_pkg']
[0.223s] Level 1:colcon.colcon_core.package_identification:_identify(tomato_fram) by extension 'colcon_pkg'
[0.223s] Level 1:colcon.colcon_core.package_identification:_identify(tomato_fram) by extensions ['colcon_meta']
[0.223s] Level 1:colcon.colcon_core.package_identification:_identify(tomato_fram) by extension 'colcon_meta'
[0.223s] Level 1:colcon.colcon_core.package_identification:_identify(tomato_fram) by extensions ['ros']
[0.223s] Level 1:colcon.colcon_core.package_identification:_identify(tomato_fram) by extension 'ros'
[0.223s] DEBUG:colcon.colcon_core.package_identification:Package 'tomato_fram' with type 'ros.ament_python' and name 'tomato_fram'
[0.223s] Level 1:colcon.colcon_core.package_identification:_identify(tomato_interfaces) by extensions ['ignore', 'ignore_ament_install']
[0.223s] Level 1:colcon.colcon_core.package_identification:_identify(tomato_interfaces) by extension 'ignore'
[0.223s] Level 1:colcon.colcon_core.package_identification:_identify(tomato_interfaces) by extension 'ignore_ament_install'
[0.223s] Level 1:colcon.colcon_core.package_identification:_identify(tomato_interfaces) by extensions ['colcon_pkg']
[0.224s] Level 1:colcon.colcon_core.package_identification:_identify(tomato_interfaces) by extension 'colcon_pkg'
[0.224s] Level 1:colcon.colcon_core.package_identification:_identify(tomato_interfaces) by extensions ['colcon_meta']
[0.224s] Level 1:colcon.colcon_core.package_identification:_identify(tomato_interfaces) by extension 'colcon_meta'
[0.224s] Level 1:colcon.colcon_core.package_identification:_identify(tomato_interfaces) by extensions ['ros']
[0.224s] Level 1:colcon.colcon_core.package_identification:_identify(tomato_interfaces) by extension 'ros'
[0.224s] DEBUG:colcon.colcon_core.package_identification:Package 'tomato_interfaces' with type 'ros.ament_cmake' and name 'tomato_interfaces'
[0.224s] Level 1:colcon.colcon_core.package_discovery:discover_packages(recursive) using defaults
[0.224s] Level 1:colcon.colcon_core.package_discovery:discover_packages(ignore) discover
[0.224s] Level 1:colcon.colcon_core.package_discovery:discover_packages(ignore) using defaults
[0.224s] Level 1:colcon.colcon_core.package_discovery:discover_packages(path) discover
[0.224s] Level 1:colcon.colcon_core.package_discovery:discover_packages(path) using defaults
[0.235s] Level 1:colcon.colcon_core.package_discovery:discover_packages(prefix_path) check parameters
[0.235s] Level 1:colcon.colcon_core.package_discovery:discover_packages(prefix_path) discover
[0.236s] DEBUG:colcon.colcon_installed_package_information.package_discovery:Found 3 installed packages in /home/g1/tomato_ws/install
[0.236s] DEBUG:colcon.colcon_installed_package_information.package_discovery:Found 12 installed packages in /home/g1/work/turtlebot3_ws/install
[0.237s] DEBUG:colcon.colcon_installed_package_information.package_discovery:Found 375 installed packages in /opt/ros/humble
[0.239s] Level 1:colcon.colcon_core.package_discovery:discover_packages(prefix_path) using defaults
[0.263s] Level 5:colcon.colcon_core.verb:set package 'description' build argument 'cmake_args' from command line to 'None'
[0.263s] Level 5:colcon.colcon_core.verb:set package 'description' build argument 'cmake_target' from command line to 'None'
[0.263s] Level 5:colcon.colcon_core.verb:set package 'description' build argument 'cmake_target_skip_unavailable' from command line to 'False'
[0.263s] Level 5:colcon.colcon_core.verb:set package 'description' build argument 'cmake_clean_cache' from command line to 'False'
[0.263s] Level 5:colcon.colcon_core.verb:set package 'description' build argument 'cmake_clean_first' from command line to 'False'
[0.263s] Level 5:colcon.colcon_core.verb:set package 'description' build argument 'cmake_force_configure' from command line to 'False'
[0.263s] Level 5:colcon.colcon_core.verb:set package 'description' build argument 'ament_cmake_args' from command line to 'None'
[0.263s] Level 5:colcon.colcon_core.verb:set package 'description' build argument 'catkin_cmake_args' from command line to 'None'
[0.263s] Level 5:colcon.colcon_core.verb:set package 'description' build argument 'catkin_skip_building_tests' from command line to 'False'
[0.263s] DEBUG:colcon.colcon_core.verb:Building package 'description' with the following arguments: {'ament_cmake_args': None, 'build_base': '/home/g1/tomato_ws/src/build/description', 'catkin_cmake_args': None, 'catkin_skip_building_tests': False, 'cmake_args': None, 'cmake_clean_cache': False, 'cmake_clean_first': False, 'cmake_force_configure': False, 'cmake_target': None, 'cmake_target_skip_unavailable': False, 'install_base': '/home/g1/tomato_ws/src/install/description', 'merge_install': False, 'path': '/home/g1/tomato_ws/src/description', 'symlink_install': True, 'test_result_base': None}
[0.263s] Level 5:colcon.colcon_core.verb:set package 'tomato_interfaces' build argument 'cmake_args' from command line to 'None'
[0.263s] Level 5:colcon.colcon_core.verb:set package 'tomato_interfaces' build argument 'cmake_target' from command line to 'None'
[0.263s] Level 5:colcon.colcon_core.verb:set package 'tomato_interfaces' build argument 'cmake_target_skip_unavailable' from command line to 'False'
[0.263s] Level 5:colcon.colcon_core.verb:set package 'tomato_interfaces' build argument 'cmake_clean_cache' from command line to 'False'
[0.264s] Level 5:colcon.colcon_core.verb:set package 'tomato_interfaces' build argument 'cmake_clean_first' from command line to 'False'
[0.264s] Level 5:colcon.colcon_core.verb:set package 'tomato_interfaces' build argument 'cmake_force_configure' from command line to 'False'
[0.264s] Level 5:colcon.colcon_core.verb:set package 'tomato_interfaces' build argument 'ament_cmake_args' from command line to 'None'
[0.264s] Level 5:colcon.colcon_core.verb:set package 'tomato_interfaces' build argument 'catkin_cmake_args' from command line to 'None'
[0.264s] Level 5:colcon.colcon_core.verb:set package 'tomato_interfaces' build argument 'catkin_skip_building_tests' from command line to 'False'
[0.264s] DEBUG:colcon.colcon_core.verb:Building package 'tomato_interfaces' with the following arguments: {'ament_cmake_args': None, 'build_base': '/home/g1/tomato_ws/src/build/tomato_interfaces', 'catkin_cmake_args': None, 'catkin_skip_building_tests': False, 'cmake_args': None, 'cmake_clean_cache': False, 'cmake_clean_first': False, 'cmake_force_configure': False, 'cmake_target': None, 'cmake_target_skip_unavailable': False, 'install_base': '/home/g1/tomato_ws/src/install/tomato_interfaces', 'merge_install': False, 'path': '/home/g1/tomato_ws/src/tomato_interfaces', 'symlink_install': True, 'test_result_base': None}
[0.264s] Level 5:colcon.colcon_core.verb:set package 'tomato_fram' build argument 'cmake_args' from command line to 'None'
[0.264s] Level 5:colcon.colcon_core.verb:set package 'tomato_fram' build argument 'cmake_target' from command line to 'None'
[0.264s] Level 5:colcon.colcon_core.verb:set package 'tomato_fram' build argument 'cmake_target_skip_unavailable' from command line to 'False'
[0.264s] Level 5:colcon.colcon_core.verb:set package 'tomato_fram' build argument 'cmake_clean_cache' from command line to 'False'
[0.264s] Level 5:colcon.colcon_core.verb:set package 'tomato_fram' build argument 'cmake_clean_first' from command line to 'False'
[0.264s] Level 5:colcon.colcon_core.verb:set package 'tomato_fram' build argument 'cmake_force_configure' from command line to 'False'
[0.264s] Level 5:colcon.colcon_core.verb:set package 'tomato_fram' build argument 'ament_cmake_args' from command line to 'None'
[0.264s] Level 5:colcon.colcon_core.verb:set package 'tomato_fram' build argument 'catkin_cmake_args' from command line to 'None'
[0.264s] Level 5:colcon.colcon_core.verb:set package 'tomato_fram' build argument 'catkin_skip_building_tests' from command line to 'False'
[0.264s] DEBUG:colcon.colcon_core.verb:Building package 'tomato_fram' with the following arguments: {'ament_cmake_args': None, 'build_base': '/home/g1/tomato_ws/src/build/tomato_fram', 'catkin_cmake_args': None, 'catkin_skip_building_tests': False, 'cmake_args': None, 'cmake_clean_cache': False, 'cmake_clean_first': False, 'cmake_force_configure': False, 'cmake_target': None, 'cmake_target_skip_unavailable': False, 'install_base': '/home/g1/tomato_ws/src/install/tomato_fram', 'merge_install': False, 'path': '/home/g1/tomato_ws/src/tomato_fram', 'symlink_install': True, 'test_result_base': None}
[0.264s] INFO:colcon.colcon_core.executor:Executing jobs using 'parallel' executor
[0.265s] DEBUG:colcon.colcon_parallel_executor.executor.parallel:run_until_complete
[0.265s] INFO:colcon.colcon_ros.task.ament_cmake.build:Building ROS package in '/home/g1/tomato_ws/src/tomato_interfaces' with build type 'ament_cmake'
[0.265s] INFO:colcon.colcon_cmake.task.cmake.build:Building CMake package in '/home/g1/tomato_ws/src/tomato_interfaces'
[0.266s] INFO:colcon.colcon_core.plugin_system:Skipping extension 'colcon_core.shell.bat': Not used on non-Windows systems
[0.266s] INFO:colcon.colcon_core.shell:Skip shell extension 'powershell' for command environment: Not usable outside of PowerShell
[0.266s] DEBUG:colcon.colcon_core.shell:Skip shell extension 'dsv' for command environment
[0.269s] INFO:colcon.colcon_ros.task.ament_cmake.build:Building ROS package in '/home/g1/tomato_ws/src/description' with build type 'ament_cmake'
[0.269s] INFO:colcon.colcon_cmake.task.cmake.build:Building CMake package in '/home/g1/tomato_ws/src/description'
[0.270s] INFO:colcon.colcon_core.shell:Skip shell extension 'powershell' for command environment: Not usable outside of PowerShell
[0.270s] DEBUG:colcon.colcon_core.shell:Skip shell extension 'dsv' for command environment
[0.275s] DEBUG:colcon.colcon_core.event_handler.log_command:Invoking command in '/home/g1/tomato_ws/src/build/tomato_interfaces': CMAKE_PREFIX_PATH=${CMAKE_PREFIX_PATH}:/home/g1/tomato_ws/install/tomato_fram:/home/g1/work/turtlebot3_ws/install/turtlebot3_teleop:/home/g1/work/turtlebot3_ws/install/turtlebot3_example:/opt/ros/humble /usr/bin/cmake /home/g1/tomato_ws/src/tomato_interfaces -DAMENT_CMAKE_SYMLINK_INSTALL=1 -DCMAKE_INSTALL_PREFIX=/home/g1/tomato_ws/src/install/tomato_interfaces
[0.277s] DEBUG:colcon.colcon_core.event_handler.log_command:Invoking command in '/home/g1/tomato_ws/src/build/description': CMAKE_PREFIX_PATH=${CMAKE_PREFIX_PATH}:/home/g1/tomato_ws/install/tomato_fram:/home/g1/work/turtlebot3_ws/install/turtlebot3_teleop:/home/g1/work/turtlebot3_ws/install/turtlebot3_example:/opt/ros/humble /usr/bin/cmake /home/g1/tomato_ws/src/description -DAMENT_CMAKE_SYMLINK_INSTALL=1 -DCMAKE_INSTALL_PREFIX=/home/g1/tomato_ws/src/install/description
[0.761s] DEBUG:colcon.colcon_core.event_handler.log_command:Invoked command in '/home/g1/tomato_ws/src/build/description' returned '0': CMAKE_PREFIX_PATH=${CMAKE_PREFIX_PATH}:/home/g1/tomato_ws/install/tomato_fram:/home/g1/work/turtlebot3_ws/install/turtlebot3_teleop:/home/g1/work/turtlebot3_ws/install/turtlebot3_example:/opt/ros/humble /usr/bin/cmake /home/g1/tomato_ws/src/description -DAMENT_CMAKE_SYMLINK_INSTALL=1 -DCMAKE_INSTALL_PREFIX=/home/g1/tomato_ws/src/install/description
[0.761s] DEBUG:colcon.colcon_core.event_handler.log_command:Invoking command in '/home/g1/tomato_ws/src/build/description': CMAKE_PREFIX_PATH=${CMAKE_PREFIX_PATH}:/home/g1/tomato_ws/install/tomato_fram:/home/g1/work/turtlebot3_ws/install/turtlebot3_teleop:/home/g1/work/turtlebot3_ws/install/turtlebot3_example:/opt/ros/humble /usr/bin/cmake --build /home/g1/tomato_ws/src/build/description -- -j16 -l16
[0.795s] DEBUG:colcon.colcon_core.event_handler.log_command:Invoked command in '/home/g1/tomato_ws/src/build/description' returned '0': CMAKE_PREFIX_PATH=${CMAKE_PREFIX_PATH}:/home/g1/tomato_ws/install/tomato_fram:/home/g1/work/turtlebot3_ws/install/turtlebot3_teleop:/home/g1/work/turtlebot3_ws/install/turtlebot3_example:/opt/ros/humble /usr/bin/cmake --build /home/g1/tomato_ws/src/build/description -- -j16 -l16
[0.803s] DEBUG:colcon.colcon_core.event_handler.log_command:Invoking command in '/home/g1/tomato_ws/src/build/description': CMAKE_PREFIX_PATH=${CMAKE_PREFIX_PATH}:/home/g1/tomato_ws/install/tomato_fram:/home/g1/work/turtlebot3_ws/install/turtlebot3_teleop:/home/g1/work/turtlebot3_ws/install/turtlebot3_example:/opt/ros/humble /usr/bin/cmake --install /home/g1/tomato_ws/src/build/description
[1.267s] Level 1:colcon.colcon_core.environment:create_environment_scripts_only(description)
[1.267s] DEBUG:colcon.colcon_core.event_handler.log_command:Invoked command in '/home/g1/tomato_ws/src/build/description' returned '0': CMAKE_PREFIX_PATH=${CMAKE_PREFIX_PATH}:/home/g1/tomato_ws/install/tomato_fram:/home/g1/work/turtlebot3_ws/install/turtlebot3_teleop:/home/g1/work/turtlebot3_ws/install/turtlebot3_example:/opt/ros/humble /usr/bin/cmake --install /home/g1/tomato_ws/src/build/description
[1.268s] Level 1:colcon.colcon_core.environment:checking '/home/g1/tomato_ws/src/install/description' for CMake module files
[1.269s] Level 1:colcon.colcon_core.environment:checking '/home/g1/tomato_ws/src/install/description' for CMake config files
[1.269s] Level 1:colcon.colcon_core.shell:create_environment_hook('description', 'cmake_prefix_path')
[1.269s] INFO:colcon.colcon_core.shell:Creating environment hook '/home/g1/tomato_ws/src/install/description/share/description/hook/cmake_prefix_path.ps1'
[1.269s] INFO:colcon.colcon_core.shell:Creating environment descriptor '/home/g1/tomato_ws/src/install/description/share/description/hook/cmake_prefix_path.dsv'
[1.269s] INFO:colcon.colcon_core.shell:Creating environment hook '/home/g1/tomato_ws/src/install/description/share/description/hook/cmake_prefix_path.sh'
[1.270s] Level 1:colcon.colcon_core.environment:checking '/home/g1/tomato_ws/src/install/description/bin'
[1.270s] Level 1:colcon.colcon_core.environment:checking '/home/g1/tomato_ws/src/install/description/lib/pkgconfig/description.pc'
[1.270s] Level 1:colcon.colcon_core.environment:checking '/home/g1/tomato_ws/src/install/description/lib/python3.10/site-packages'
[1.270s] Level 1:colcon.colcon_core.environment:checking '/home/g1/tomato_ws/src/install/description/bin'
[1.271s] INFO:colcon.colcon_core.shell:Creating package script '/home/g1/tomato_ws/src/install/description/share/description/package.ps1'
[1.271s] INFO:colcon.colcon_core.shell:Creating package descriptor '/home/g1/tomato_ws/src/install/description/share/description/package.dsv'
[1.271s] INFO:colcon.colcon_core.shell:Creating package script '/home/g1/tomato_ws/src/install/description/share/description/package.sh'
[1.272s] INFO:colcon.colcon_core.shell:Creating package script '/home/g1/tomato_ws/src/install/description/share/description/package.bash'
[1.272s] INFO:colcon.colcon_core.shell:Creating package script '/home/g1/tomato_ws/src/install/description/share/description/package.zsh'
[1.272s] Level 1:colcon.colcon_core.environment:create_file_with_runtime_dependencies(/home/g1/tomato_ws/src/install/description/share/colcon-core/packages/description)
[1.273s] Level 1:colcon.colcon_core.environment:create_environment_scripts_only(description)
[1.273s] Level 1:colcon.colcon_core.environment:checking '/home/g1/tomato_ws/src/install/description' for CMake module files
[1.273s] Level 1:colcon.colcon_core.environment:checking '/home/g1/tomato_ws/src/install/description' for CMake config files
[1.273s] Level 1:colcon.colcon_core.shell:create_environment_hook('description', 'cmake_prefix_path')
[1.273s] INFO:colcon.colcon_core.shell:Creating environment hook '/home/g1/tomato_ws/src/install/description/share/description/hook/cmake_prefix_path.ps1'
[1.273s] INFO:colcon.colcon_core.shell:Creating environment descriptor '/home/g1/tomato_ws/src/install/description/share/description/hook/cmake_prefix_path.dsv'
[1.274s] INFO:colcon.colcon_core.shell:Creating environment hook '/home/g1/tomato_ws/src/install/description/share/description/hook/cmake_prefix_path.sh'
[1.274s] Level 1:colcon.colcon_core.environment:checking '/home/g1/tomato_ws/src/install/description/bin'
[1.274s] Level 1:colcon.colcon_core.environment:checking '/home/g1/tomato_ws/src/install/description/lib/pkgconfig/description.pc'
[1.274s] Level 1:colcon.colcon_core.environment:checking '/home/g1/tomato_ws/src/install/description/lib/python3.10/site-packages'
[1.274s] Level 1:colcon.colcon_core.environment:checking '/home/g1/tomato_ws/src/install/description/bin'
[1.274s] INFO:colcon.colcon_core.shell:Creating package script '/home/g1/tomato_ws/src/install/description/share/description/package.ps1'
[1.274s] INFO:colcon.colcon_core.shell:Creating package descriptor '/home/g1/tomato_ws/src/install/description/share/description/package.dsv'
[1.275s] INFO:colcon.colcon_core.shell:Creating package script '/home/g1/tomato_ws/src/install/description/share/description/package.sh'
[1.275s] INFO:colcon.colcon_core.shell:Creating package script '/home/g1/tomato_ws/src/install/description/share/description/package.bash'
[1.275s] INFO:colcon.colcon_core.shell:Creating package script '/home/g1/tomato_ws/src/install/description/share/description/package.zsh'
[1.275s] Level 1:colcon.colcon_core.environment:create_file_with_runtime_dependencies(/home/g1/tomato_ws/src/install/description/share/colcon-core/packages/description)
[1.404s] DEBUG:colcon.colcon_core.event_handler.log_command:Invoked command in '/home/g1/tomato_ws/src/build/tomato_interfaces' returned '0': CMAKE_PREFIX_PATH=${CMAKE_PREFIX_PATH}:/home/g1/tomato_ws/install/tomato_fram:/home/g1/work/turtlebot3_ws/install/turtlebot3_teleop:/home/g1/work/turtlebot3_ws/install/turtlebot3_example:/opt/ros/humble /usr/bin/cmake /home/g1/tomato_ws/src/tomato_interfaces -DAMENT_CMAKE_SYMLINK_INSTALL=1 -DCMAKE_INSTALL_PREFIX=/home/g1/tomato_ws/src/install/tomato_interfaces
[1.406s] DEBUG:colcon.colcon_core.event_handler.log_command:Invoking command in '/home/g1/tomato_ws/src/build/tomato_interfaces': CMAKE_PREFIX_PATH=${CMAKE_PREFIX_PATH}:/home/g1/tomato_ws/install/tomato_fram:/home/g1/work/turtlebot3_ws/install/turtlebot3_teleop:/home/g1/work/turtlebot3_ws/install/turtlebot3_example:/opt/ros/humble /usr/bin/cmake --build /home/g1/tomato_ws/src/build/tomato_interfaces -- -j16 -l16
[2.467s] DEBUG:colcon.colcon_core.event_handler.log_command:Invoked command in '/home/g1/tomato_ws/src/build/tomato_interfaces' returned '0': CMAKE_PREFIX_PATH=${CMAKE_PREFIX_PATH}:/home/g1/tomato_ws/install/tomato_fram:/home/g1/work/turtlebot3_ws/install/turtlebot3_teleop:/home/g1/work/turtlebot3_ws/install/turtlebot3_example:/opt/ros/humble /usr/bin/cmake --build /home/g1/tomato_ws/src/build/tomato_interfaces -- -j16 -l16
[2.468s] DEBUG:colcon.colcon_core.event_handler.log_command:Invoking command in '/home/g1/tomato_ws/src/build/tomato_interfaces': CMAKE_PREFIX_PATH=${CMAKE_PREFIX_PATH}:/home/g1/tomato_ws/install/tomato_fram:/home/g1/work/turtlebot3_ws/install/turtlebot3_teleop:/home/g1/work/turtlebot3_ws/install/turtlebot3_example:/opt/ros/humble /usr/bin/cmake --install /home/g1/tomato_ws/src/build/tomato_interfaces
[2.984s] Level 1:colcon.colcon_core.environment:create_environment_scripts_only(tomato_interfaces)
[2.984s] Level 1:colcon.colcon_core.environment:checking '/home/g1/tomato_ws/src/install/tomato_interfaces' for CMake module files
[2.985s] DEBUG:colcon.colcon_core.event_handler.log_command:Invoked command in '/home/g1/tomato_ws/src/build/tomato_interfaces' returned '0': CMAKE_PREFIX_PATH=${CMAKE_PREFIX_PATH}:/home/g1/tomato_ws/install/tomato_fram:/home/g1/work/turtlebot3_ws/install/turtlebot3_teleop:/home/g1/work/turtlebot3_ws/install/turtlebot3_example:/opt/ros/humble /usr/bin/cmake --install /home/g1/tomato_ws/src/build/tomato_interfaces
[2.985s] Level 1:colcon.colcon_core.environment:checking '/home/g1/tomato_ws/src/install/tomato_interfaces' for CMake config files
[2.985s] Level 1:colcon.colcon_core.shell:create_environment_hook('tomato_interfaces', 'cmake_prefix_path')
[2.986s] INFO:colcon.colcon_core.shell:Creating environment hook '/home/g1/tomato_ws/src/install/tomato_interfaces/share/tomato_interfaces/hook/cmake_prefix_path.ps1'
[2.986s] INFO:colcon.colcon_core.shell:Creating environment descriptor '/home/g1/tomato_ws/src/install/tomato_interfaces/share/tomato_interfaces/hook/cmake_prefix_path.dsv'
[2.986s] INFO:colcon.colcon_core.shell:Creating environment hook '/home/g1/tomato_ws/src/install/tomato_interfaces/share/tomato_interfaces/hook/cmake_prefix_path.sh'
[2.986s] Level 1:colcon.colcon_core.environment:checking '/home/g1/tomato_ws/src/install/tomato_interfaces/lib'
[2.986s] Level 1:colcon.colcon_core.shell:create_environment_hook('tomato_interfaces', 'ld_library_path_lib')
[2.987s] INFO:colcon.colcon_core.shell:Creating environment hook '/home/g1/tomato_ws/src/install/tomato_interfaces/share/tomato_interfaces/hook/ld_library_path_lib.ps1'
[2.987s] INFO:colcon.colcon_core.shell:Creating environment descriptor '/home/g1/tomato_ws/src/install/tomato_interfaces/share/tomato_interfaces/hook/ld_library_path_lib.dsv'
[2.987s] INFO:colcon.colcon_core.shell:Creating environment hook '/home/g1/tomato_ws/src/install/tomato_interfaces/share/tomato_interfaces/hook/ld_library_path_lib.sh'
[2.987s] Level 1:colcon.colcon_core.environment:checking '/home/g1/tomato_ws/src/install/tomato_interfaces/bin'
[2.987s] Level 1:colcon.colcon_core.environment:checking '/home/g1/tomato_ws/src/install/tomato_interfaces/lib/pkgconfig/tomato_interfaces.pc'
[2.987s] Level 1:colcon.colcon_core.environment:checking '/home/g1/tomato_ws/src/install/tomato_interfaces/lib/python3.10/site-packages'
[2.987s] Level 1:colcon.colcon_core.environment:checking '/home/g1/tomato_ws/src/install/tomato_interfaces/bin'
[2.987s] INFO:colcon.colcon_core.shell:Creating package script '/home/g1/tomato_ws/src/install/tomato_interfaces/share/tomato_interfaces/package.ps1'
[2.988s] INFO:colcon.colcon_core.shell:Creating package descriptor '/home/g1/tomato_ws/src/install/tomato_interfaces/share/tomato_interfaces/package.dsv'
[2.988s] INFO:colcon.colcon_core.shell:Creating package script '/home/g1/tomato_ws/src/install/tomato_interfaces/share/tomato_interfaces/package.sh'
[2.988s] INFO:colcon.colcon_core.shell:Creating package script '/home/g1/tomato_ws/src/install/tomato_interfaces/share/tomato_interfaces/package.bash'
[2.988s] INFO:colcon.colcon_core.shell:Creating package script '/home/g1/tomato_ws/src/install/tomato_interfaces/share/tomato_interfaces/package.zsh'
[2.988s] Level 1:colcon.colcon_core.environment:create_file_with_runtime_dependencies(/home/g1/tomato_ws/src/install/tomato_interfaces/share/colcon-core/packages/tomato_interfaces)
[2.989s] Level 1:colcon.colcon_core.environment:create_environment_scripts_only(tomato_interfaces)
[2.989s] Level 1:colcon.colcon_core.environment:checking '/home/g1/tomato_ws/src/install/tomato_interfaces' for CMake module files
[2.989s] Level 1:colcon.colcon_core.environment:checking '/home/g1/tomato_ws/src/install/tomato_interfaces' for CMake config files
[2.989s] Level 1:colcon.colcon_core.shell:create_environment_hook('tomato_interfaces', 'cmake_prefix_path')
[2.989s] INFO:colcon.colcon_core.shell:Creating environment hook '/home/g1/tomato_ws/src/install/tomato_interfaces/share/tomato_interfaces/hook/cmake_prefix_path.ps1'
[2.990s] INFO:colcon.colcon_core.shell:Creating environment descriptor '/home/g1/tomato_ws/src/install/tomato_interfaces/share/tomato_interfaces/hook/cmake_prefix_path.dsv'
[2.990s] INFO:colcon.colcon_core.shell:Creating environment hook '/home/g1/tomato_ws/src/install/tomato_interfaces/share/tomato_interfaces/hook/cmake_prefix_path.sh'
[2.990s] Level 1:colcon.colcon_core.environment:checking '/home/g1/tomato_ws/src/install/tomato_interfaces/lib'
[2.990s] Level 1:colcon.colcon_core.shell:create_environment_hook('tomato_interfaces', 'ld_library_path_lib')
[2.990s] INFO:colcon.colcon_core.shell:Creating environment hook '/home/g1/tomato_ws/src/install/tomato_interfaces/share/tomato_interfaces/hook/ld_library_path_lib.ps1'
[2.990s] INFO:colcon.colcon_core.shell:Creating environment descriptor '/home/g1/tomato_ws/src/install/tomato_interfaces/share/tomato_interfaces/hook/ld_library_path_lib.dsv'
[2.990s] INFO:colcon.colcon_core.shell:Creating environment hook '/home/g1/tomato_ws/src/install/tomato_interfaces/share/tomato_interfaces/hook/ld_library_path_lib.sh'
[2.991s] Level 1:colcon.colcon_core.environment:checking '/home/g1/tomato_ws/src/install/tomato_interfaces/bin'
[2.991s] Level 1:colcon.colcon_core.environment:checking '/home/g1/tomato_ws/src/install/tomato_interfaces/lib/pkgconfig/tomato_interfaces.pc'
[2.991s] Level 1:colcon.colcon_core.environment:checking '/home/g1/tomato_ws/src/install/tomato_interfaces/lib/python3.10/site-packages'
[2.991s] Level 1:colcon.colcon_core.environment:checking '/home/g1/tomato_ws/src/install/tomato_interfaces/bin'
[2.991s] INFO:colcon.colcon_core.shell:Creating package script '/home/g1/tomato_ws/src/install/tomato_interfaces/share/tomato_interfaces/package.ps1'
[2.991s] INFO:colcon.colcon_core.shell:Creating package descriptor '/home/g1/tomato_ws/src/install/tomato_interfaces/share/tomato_interfaces/package.dsv'
[2.991s] INFO:colcon.colcon_core.shell:Creating package script '/home/g1/tomato_ws/src/install/tomato_interfaces/share/tomato_interfaces/package.sh'
[2.992s] INFO:colcon.colcon_core.shell:Creating package script '/home/g1/tomato_ws/src/install/tomato_interfaces/share/tomato_interfaces/package.bash'
[2.992s] INFO:colcon.colcon_core.shell:Creating package script '/home/g1/tomato_ws/src/install/tomato_interfaces/share/tomato_interfaces/package.zsh'
[2.992s] Level 1:colcon.colcon_core.environment:create_file_with_runtime_dependencies(/home/g1/tomato_ws/src/install/tomato_interfaces/share/colcon-core/packages/tomato_interfaces)
[2.992s] INFO:colcon.colcon_ros.task.ament_python.build:Building ROS package in '/home/g1/tomato_ws/src/tomato_fram' with build type 'ament_python'
[2.992s] Level 1:colcon.colcon_core.shell:create_environment_hook('tomato_fram', 'ament_prefix_path')
[2.992s] INFO:colcon.colcon_core.shell:Creating environment hook '/home/g1/tomato_ws/src/install/tomato_fram/share/tomato_fram/hook/ament_prefix_path.ps1'
[2.993s] INFO:colcon.colcon_core.shell:Creating environment descriptor '/home/g1/tomato_ws/src/install/tomato_fram/share/tomato_fram/hook/ament_prefix_path.dsv'
[2.993s] INFO:colcon.colcon_core.shell:Creating environment hook '/home/g1/tomato_ws/src/install/tomato_fram/share/tomato_fram/hook/ament_prefix_path.sh'
[2.993s] INFO:colcon.colcon_core.shell:Skip shell extension 'powershell' for command environment: Not usable outside of PowerShell
[2.993s] DEBUG:colcon.colcon_core.shell:Skip shell extension 'dsv' for command environment
[3.193s] INFO:colcon.colcon_core.task.python.build:Building Python package in '/home/g1/tomato_ws/src/tomato_fram'
[3.194s] INFO:colcon.colcon_core.shell:Skip shell extension 'powershell' for command environment: Not usable outside of PowerShell
[3.194s] DEBUG:colcon.colcon_core.shell:Skip shell extension 'dsv' for command environment
[3.456s] DEBUG:colcon.colcon_core.event_handler.log_command:Invoking command in '/home/g1/tomato_ws/src/build/tomato_fram': AMENT_PREFIX_PATH=/home/g1/tomato_ws/src/install/tomato_interfaces:${AMENT_PREFIX_PATH} CMAKE_PREFIX_PATH=/home/g1/tomato_ws/src/install/tomato_interfaces:${CMAKE_PREFIX_PATH} LD_LIBRARY_PATH=/home/g1/tomato_ws/src/install/tomato_interfaces/lib:/home/g1/tomato_ws/install/tomato_interfaces/lib:/home/g1/work/turtlebot3_ws/install/turtlebot3_msgs/lib:/usr/lib/x86_64-linux-gnu/gazebo-11/plugins:/opt/ros/humble/opt/rviz_ogre_vendor/lib:/opt/ros/humble/lib/x86_64-linux-gnu:/opt/ros/humble/lib:/usr/lib/x86_64-linux-gnu/gazebo-11/plugins PYTHONPATH=/home/g1/tomato_ws/src/build/tomato_fram/prefix_override:/usr/lib/python3/dist-packages/colcon_core/task/python/colcon_distutils_commands:/home/g1/tomato_ws/src/install/tomato_fram/lib/python3.10/site-packages:/home/g1/tomato_ws/src/install/tomato_interfaces/local/lib/python3.10/dist-packages:${PYTHONPATH} /usr/bin/python3 -W ignore:setup.py install is deprecated -W ignore:easy_install command is deprecated setup.py develop --editable --build-directory /home/g1/tomato_ws/src/build/tomato_fram/build --no-deps symlink_data
[3.827s] Level 1:colcon.colcon_core.shell:create_environment_hook('tomato_fram', 'pythonpath_develop')
[3.827s] INFO:colcon.colcon_core.shell:Creating environment hook '/home/g1/tomato_ws/src/build/tomato_fram/share/tomato_fram/hook/pythonpath_develop.ps1'
[3.828s] DEBUG:colcon.colcon_core.event_handler.log_command:Invoked command in '/home/g1/tomato_ws/src/build/tomato_fram' returned '0': AMENT_PREFIX_PATH=/home/g1/tomato_ws/src/install/tomato_interfaces:${AMENT_PREFIX_PATH} CMAKE_PREFIX_PATH=/home/g1/tomato_ws/src/install/tomato_interfaces:${CMAKE_PREFIX_PATH} LD_LIBRARY_PATH=/home/g1/tomato_ws/src/install/tomato_interfaces/lib:/home/g1/tomato_ws/install/tomato_interfaces/lib:/home/g1/work/turtlebot3_ws/install/turtlebot3_msgs/lib:/usr/lib/x86_64-linux-gnu/gazebo-11/plugins:/opt/ros/humble/opt/rviz_ogre_vendor/lib:/opt/ros/humble/lib/x86_64-linux-gnu:/opt/ros/humble/lib:/usr/lib/x86_64-linux-gnu/gazebo-11/plugins PYTHONPATH=/home/g1/tomato_ws/src/build/tomato_fram/prefix_override:/usr/lib/python3/dist-packages/colcon_core/task/python/colcon_distutils_commands:/home/g1/tomato_ws/src/install/tomato_fram/lib/python3.10/site-packages:/home/g1/tomato_ws/src/install/tomato_interfaces/local/lib/python3.10/dist-packages:${PYTHONPATH} /usr/bin/python3 -W ignore:setup.py install is deprecated -W ignore:easy_install command is deprecated setup.py develop --editable --build-directory /home/g1/tomato_ws/src/build/tomato_fram/build --no-deps symlink_data
[3.829s] INFO:colcon.colcon_core.shell:Creating environment descriptor '/home/g1/tomato_ws/src/build/tomato_fram/share/tomato_fram/hook/pythonpath_develop.dsv'
[3.829s] INFO:colcon.colcon_core.shell:Creating environment hook '/home/g1/tomato_ws/src/build/tomato_fram/share/tomato_fram/hook/pythonpath_develop.sh'
[3.830s] Level 1:colcon.colcon_core.environment:checking '/home/g1/tomato_ws/src/install/tomato_fram' for CMake module files
[3.830s] Level 1:colcon.colcon_core.environment:checking '/home/g1/tomato_ws/src/install/tomato_fram' for CMake config files
[3.830s] Level 1:colcon.colcon_core.environment:checking '/home/g1/tomato_ws/src/install/tomato_fram/lib'
[3.830s] Level 1:colcon.colcon_core.environment:checking '/home/g1/tomato_ws/src/install/tomato_fram/bin'
[3.831s] Level 1:colcon.colcon_core.environment:checking '/home/g1/tomato_ws/src/install/tomato_fram/lib/pkgconfig/tomato_fram.pc'
[3.831s] Level 1:colcon.colcon_core.environment:checking '/home/g1/tomato_ws/src/install/tomato_fram/lib/python3.10/site-packages'
[3.831s] Level 1:colcon.colcon_core.shell:create_environment_hook('tomato_fram', 'pythonpath')
[3.831s] INFO:colcon.colcon_core.shell:Creating environment hook '/home/g1/tomato_ws/src/install/tomato_fram/share/tomato_fram/hook/pythonpath.ps1'
[3.831s] INFO:colcon.colcon_core.shell:Creating environment descriptor '/home/g1/tomato_ws/src/install/tomato_fram/share/tomato_fram/hook/pythonpath.dsv'
[3.831s] INFO:colcon.colcon_core.shell:Creating environment hook '/home/g1/tomato_ws/src/install/tomato_fram/share/tomato_fram/hook/pythonpath.sh'
[3.831s] Level 1:colcon.colcon_core.environment:checking '/home/g1/tomato_ws/src/install/tomato_fram/bin'
[3.831s] Level 1:colcon.colcon_core.environment:create_environment_scripts_only(tomato_fram)
[3.832s] INFO:colcon.colcon_core.shell:Creating package script '/home/g1/tomato_ws/src/install/tomato_fram/share/tomato_fram/package.ps1'
[3.832s] INFO:colcon.colcon_core.shell:Creating package descriptor '/home/g1/tomato_ws/src/install/tomato_fram/share/tomato_fram/package.dsv'
[3.832s] INFO:colcon.colcon_core.shell:Creating package script '/home/g1/tomato_ws/src/install/tomato_fram/share/tomato_fram/package.sh'
[3.832s] INFO:colcon.colcon_core.shell:Creating package script '/home/g1/tomato_ws/src/install/tomato_fram/share/tomato_fram/package.bash'
[3.832s] INFO:colcon.colcon_core.shell:Creating package script '/home/g1/tomato_ws/src/install/tomato_fram/share/tomato_fram/package.zsh'
[3.833s] Level 1:colcon.colcon_core.environment:create_file_with_runtime_dependencies(/home/g1/tomato_ws/src/install/tomato_fram/share/colcon-core/packages/tomato_fram)
[3.833s] DEBUG:colcon.colcon_parallel_executor.executor.parallel:closing loop
[3.833s] DEBUG:colcon.colcon_parallel_executor.executor.parallel:loop closed
[3.834s] DEBUG:colcon.colcon_parallel_executor.executor.parallel:run_until_complete finished with '0'
[3.834s] DEBUG:colcon.colcon_core.event_reactor:joining thread
[3.841s] INFO:colcon.colcon_core.plugin_system:Skipping extension 'colcon_notification.desktop_notification.terminal_notifier': Not used on non-Darwin systems
[3.841s] INFO:colcon.colcon_core.plugin_system:Skipping extension 'colcon_notification.desktop_notification.win32': Not used on non-Windows systems
[3.841s] INFO:colcon.colcon_notification.desktop_notification:Sending desktop notification using 'notify2'
[3.854s] DEBUG:colcon.colcon_core.event_reactor:joined thread
[3.854s] INFO:colcon.colcon_core.shell:Creating prefix script '/home/g1/tomato_ws/src/install/local_setup.ps1'
[3.855s] INFO:colcon.colcon_core.shell:Creating prefix util module '/home/g1/tomato_ws/src/install/_local_setup_util_ps1.py'
[3.856s] INFO:colcon.colcon_core.shell:Creating prefix chain script '/home/g1/tomato_ws/src/install/setup.ps1'
[3.857s] INFO:colcon.colcon_core.shell:Creating prefix script '/home/g1/tomato_ws/src/install/local_setup.sh'
[3.857s] INFO:colcon.colcon_core.shell:Creating prefix util module '/home/g1/tomato_ws/src/install/_local_setup_util_sh.py'
[3.857s] INFO:colcon.colcon_core.shell:Creating prefix chain script '/home/g1/tomato_ws/src/install/setup.sh'
[3.859s] INFO:colcon.colcon_core.shell:Creating prefix script '/home/g1/tomato_ws/src/install/local_setup.bash'
[3.859s] INFO:colcon.colcon_core.shell:Creating prefix chain script '/home/g1/tomato_ws/src/install/setup.bash'
[3.860s] INFO:colcon.colcon_core.shell:Creating prefix script '/home/g1/tomato_ws/src/install/local_setup.zsh'
[3.861s] INFO:colcon.colcon_core.shell:Creating prefix chain script '/home/g1/tomato_ws/src/install/setup.zsh'
