[0.463s] Invoking command in '/home/g1/tomato_ws/src/build/tomato_fram': AMENT_PREFIX_PATH=/home/g1/tomato_ws/src/install/tomato_interfaces:${AMENT_PREFIX_PATH} CMAKE_PREFIX_PATH=/home/g1/tomato_ws/src/install/tomato_interfaces:${CMAKE_PREFIX_PATH} LD_LIBRARY_PATH=/home/g1/tomato_ws/src/install/tomato_interfaces/lib:/home/g1/tomato_ws/install/tomato_interfaces/lib:/home/g1/work/turtlebot3_ws/install/turtlebot3_msgs/lib:/usr/lib/x86_64-linux-gnu/gazebo-11/plugins:/opt/ros/humble/opt/rviz_ogre_vendor/lib:/opt/ros/humble/lib/x86_64-linux-gnu:/opt/ros/humble/lib:/usr/lib/x86_64-linux-gnu/gazebo-11/plugins PYTHONPATH=/home/g1/tomato_ws/src/build/tomato_fram/prefix_override:/usr/lib/python3/dist-packages/colcon_core/task/python/colcon_distutils_commands:/home/g1/tomato_ws/src/install/tomato_fram/lib/python3.10/site-packages:/home/g1/tomato_ws/src/install/tomato_interfaces/local/lib/python3.10/dist-packages:${PYTHONPATH} /usr/bin/python3 -W ignore:setup.py install is deprecated -W ignore:easy_install command is deprecated setup.py develop --editable --build-directory /home/g1/tomato_ws/src/build/tomato_fram/build --no-deps symlink_data
[0.659s] running develop
[0.803s] running egg_info
[0.803s] creating tomato_fram.egg-info
[0.803s] writing tomato_fram.egg-info/PKG-INFO
[0.803s] writing dependency_links to tomato_fram.egg-info/dependency_links.txt
[0.803s] writing entry points to tomato_fram.egg-info/entry_points.txt
[0.803s] writing requirements to tomato_fram.egg-info/requires.txt
[0.803s] writing top-level names to tomato_fram.egg-info/top_level.txt
[0.803s] writing manifest file 'tomato_fram.egg-info/SOURCES.txt'
[0.804s] reading manifest file 'tomato_fram.egg-info/SOURCES.txt'
[0.805s] writing manifest file 'tomato_fram.egg-info/SOURCES.txt'
[0.806s] running build_ext
[0.806s] Creating /home/g1/tomato_ws/src/install/tomato_fram/lib/python3.10/site-packages/tomato-fram.egg-link (link to .)
[0.806s] Installing diff_driver script to /home/g1/tomato_ws/src/install/tomato_fram/lib/tomato_fram
[0.806s] Installing tomato_gui script to /home/g1/tomato_ws/src/install/tomato_fram/lib/tomato_fram
[0.806s] Installing tomato_object_detect script to /home/g1/tomato_ws/src/install/tomato_fram/lib/tomato_fram
[0.806s] 
[0.806s] Installed /home/g1/tomato_ws/src/build/tomato_fram
[0.806s] running symlink_data
[0.806s] creating /home/g1/tomato_ws/src/install/tomato_fram/share/ament_index
[0.807s] creating /home/g1/tomato_ws/src/install/tomato_fram/share/ament_index/resource_index
[0.807s] creating /home/g1/tomato_ws/src/install/tomato_fram/share/ament_index/resource_index/packages
[0.807s] symbolically linking /home/g1/tomato_ws/src/build/tomato_fram/resource/tomato_fram -> /home/g1/tomato_ws/src/install/tomato_fram/share/ament_index/resource_index/packages
[0.807s] symbolically linking /home/g1/tomato_ws/src/build/tomato_fram/package.xml -> /home/g1/tomato_ws/src/install/tomato_fram/share/tomato_fram
[0.807s] creating /home/g1/tomato_ws/src/install/tomato_fram/share/tomato_fram/launch
[0.807s] symbolically linking /home/g1/tomato_ws/src/build/tomato_fram/launch/navigation2_launch.launch.py -> /home/g1/tomato_ws/src/install/tomato_fram/share/tomato_fram/launch
[0.807s] symbolically linking /home/g1/tomato_ws/src/build/tomato_fram/launch/tomato_fram_robot.launch.py -> /home/g1/tomato_ws/src/install/tomato_fram/share/tomato_fram/launch
[0.807s] creating /home/g1/tomato_ws/src/install/tomato_fram/share/tomato_fram/urdf
[0.807s] creating /home/g1/tomato_ws/src/install/tomato_fram/share/tomato_fram/worlds
[0.835s] Invoked command in '/home/g1/tomato_ws/src/build/tomato_fram' returned '0': AMENT_PREFIX_PATH=/home/g1/tomato_ws/src/install/tomato_interfaces:${AMENT_PREFIX_PATH} CMAKE_PREFIX_PATH=/home/g1/tomato_ws/src/install/tomato_interfaces:${CMAKE_PREFIX_PATH} LD_LIBRARY_PATH=/home/g1/tomato_ws/src/install/tomato_interfaces/lib:/home/g1/tomato_ws/install/tomato_interfaces/lib:/home/g1/work/turtlebot3_ws/install/turtlebot3_msgs/lib:/usr/lib/x86_64-linux-gnu/gazebo-11/plugins:/opt/ros/humble/opt/rviz_ogre_vendor/lib:/opt/ros/humble/lib/x86_64-linux-gnu:/opt/ros/humble/lib:/usr/lib/x86_64-linux-gnu/gazebo-11/plugins PYTHONPATH=/home/g1/tomato_ws/src/build/tomato_fram/prefix_override:/usr/lib/python3/dist-packages/colcon_core/task/python/colcon_distutils_commands:/home/g1/tomato_ws/src/install/tomato_fram/lib/python3.10/site-packages:/home/g1/tomato_ws/src/install/tomato_interfaces/local/lib/python3.10/dist-packages:${PYTHONPATH} /usr/bin/python3 -W ignore:setup.py install is deprecated -W ignore:easy_install command is deprecated setup.py develop --editable --build-directory /home/g1/tomato_ws/src/build/tomato_fram/build --no-deps symlink_data
