[0.009s] Invoking command in '/home/g1/tomato_ws/src/build/tomato_interfaces': CMAKE_PREFIX_PATH=${CMAKE_PREFIX_PATH}:/home/g1/tomato_ws/install/tomato_fram:/home/g1/work/turtlebot3_ws/install/turtlebot3_teleop:/home/g1/work/turtlebot3_ws/install/turtlebot3_example:/opt/ros/humble /usr/bin/cmake /home/g1/tomato_ws/src/tomato_interfaces -DAMENT_CMAKE_SYMLINK_INSTALL=1 -DCMAKE_INSTALL_PREFIX=/home/g1/tomato_ws/src/install/tomato_interfaces
[0.049s] -- The C compiler identification is GNU 11.4.0
[0.086s] -- The CXX compiler identification is GNU 11.4.0
[0.091s] -- Detecting C compiler ABI info
[0.142s] -- Detecting C compiler ABI info - done
[0.146s] -- Check for working C compiler: /usr/bin/cc - skipped
[0.146s] -- Detecting C compile features
[0.146s] -- Detecting C compile features - done
[0.148s] -- Detecting CXX compiler ABI info
[0.206s] -- Detecting CXX compiler ABI info - done
[0.210s] -- Check for working CXX compiler: /usr/bin/c++ - skipped
[0.210s] -- Detecting CXX compile features
[0.210s] -- Detecting CXX compile features - done
[0.213s] -- Found ament_cmake: 1.3.11 (/opt/ros/humble/share/ament_cmake/cmake)
[0.321s] -- Found Python3: /usr/bin/python3 (found version "3.10.12") found components: Interpreter 
[0.367s] -- Override CMake install command with custom implementation using symlinks instead of copying resources
[0.423s] -- Found builtin_interfaces: 1.2.1 (/opt/ros/humble/share/builtin_interfaces/cmake)
[0.453s] -- Found rosidl_generator_c: 3.1.6 (/opt/ros/humble/share/rosidl_generator_c/cmake)
[0.459s] -- Found rosidl_adapter: 3.1.6 (/opt/ros/humble/share/rosidl_adapter/cmake)
[0.466s] -- Found rosidl_generator_cpp: 3.1.6 (/opt/ros/humble/share/rosidl_generator_cpp/cmake)
[0.475s] -- Using all available rosidl_typesupport_c: rosidl_typesupport_fastrtps_c;rosidl_typesupport_introspection_c
[0.488s] -- Using all available rosidl_typesupport_cpp: rosidl_typesupport_fastrtps_cpp;rosidl_typesupport_introspection_cpp
[0.501s] -- Found rosidl_default_generators: 1.2.0 (/opt/ros/humble/share/rosidl_default_generators/cmake)
[0.672s] -- Found ament_cmake_ros: 0.10.0 (/opt/ros/humble/share/ament_cmake_ros/cmake)
[0.889s] -- Using all available rosidl_typesupport_c: rosidl_typesupport_fastrtps_c;rosidl_typesupport_introspection_c
[0.978s] -- Using all available rosidl_typesupport_cpp: rosidl_typesupport_fastrtps_cpp;rosidl_typesupport_introspection_cpp
[0.995s] -- Found PythonInterp: /usr/bin/python3 (found suitable version "3.10.12", minimum required is "3.6") 
[1.001s] -- Found python_cmake_module: 0.10.0 (/opt/ros/humble/share/python_cmake_module/cmake)
[1.026s] -- Found PythonLibs: /usr/lib/x86_64-linux-gnu/libpython3.10.so (found suitable version "3.10.12", minimum required is "3.5") 
[1.026s] -- Using PYTHON_EXECUTABLE: /usr/bin/python3
[1.026s] -- Using PYTHON_INCLUDE_DIRS: /usr/include/python3.10
[1.026s] -- Using PYTHON_LIBRARIES: /usr/lib/x86_64-linux-gnu/libpython3.10.so
[1.042s] -- Found PythonExtra: .so  
[1.086s] -- Found ament_lint_auto: 0.12.11 (/opt/ros/humble/share/ament_lint_auto/cmake)
[1.105s] -- Added test 'lint_cmake' to check CMake code style
[1.106s] -- Added test 'xmllint' to check XML markup files
[1.108s] -- Configuring done
[1.127s] -- Generating done
[1.133s] -- Build files have been written to: /home/g1/tomato_ws/src/build/tomato_interfaces
[1.139s] Invoked command in '/home/g1/tomato_ws/src/build/tomato_interfaces' returned '0': CMAKE_PREFIX_PATH=${CMAKE_PREFIX_PATH}:/home/g1/tomato_ws/install/tomato_fram:/home/g1/work/turtlebot3_ws/install/turtlebot3_teleop:/home/g1/work/turtlebot3_ws/install/turtlebot3_example:/opt/ros/humble /usr/bin/cmake /home/g1/tomato_ws/src/tomato_interfaces -DAMENT_CMAKE_SYMLINK_INSTALL=1 -DCMAKE_INSTALL_PREFIX=/home/g1/tomato_ws/src/install/tomato_interfaces
[1.140s] Invoking command in '/home/g1/tomato_ws/src/build/tomato_interfaces': CMAKE_PREFIX_PATH=${CMAKE_PREFIX_PATH}:/home/g1/tomato_ws/install/tomato_fram:/home/g1/work/turtlebot3_ws/install/turtlebot3_teleop:/home/g1/work/turtlebot3_ws/install/turtlebot3_example:/opt/ros/humble /usr/bin/cmake --build /home/g1/tomato_ws/src/build/tomato_interfaces -- -j16 -l16
[1.173s] [  3%] [34m[1mGenerating C code for ROS interfaces[0m
[1.180s] [  6%] [34m[1mGenerating C++ code for ROS interfaces[0m
[1.187s] [  6%] Built target ament_cmake_python_symlink_tomato_interfaces
[1.316s] [  6%] Built target tomato_interfaces__cpp
[1.319s] [  9%] [32mBuilding C object CMakeFiles/tomato_interfaces__rosidl_generator_c.dir/rosidl_generator_c/tomato_interfaces/msg/detail/tomato_detected__functions.c.o[0m
[1.325s] [ 19%] [34m[1mGenerating C++ introspection for ROS interfaces[0m
[1.325s] [ 19%] [34m[1mGenerating C++ type support for eProsima Fast-RTPS[0m
[1.325s] [ 19%] [34m[1mGenerating C++ type support dispatch for ROS interfaces[0m
[1.352s] [ 22%] [32m[1mLinking C shared library libtomato_interfaces__rosidl_generator_c.so[0m
[1.375s] running egg_info
[1.375s] creating tomato_interfaces.egg-info
[1.375s] writing tomato_interfaces.egg-info/PKG-INFO
[1.375s] writing dependency_links to tomato_interfaces.egg-info/dependency_links.txt
[1.375s] writing top-level names to tomato_interfaces.egg-info/top_level.txt
[1.376s] writing manifest file 'tomato_interfaces.egg-info/SOURCES.txt'
[1.377s] reading manifest file 'tomato_interfaces.egg-info/SOURCES.txt'
[1.377s] writing manifest file 'tomato_interfaces.egg-info/SOURCES.txt'
[1.384s] [ 22%] Built target tomato_interfaces__rosidl_generator_c
[1.392s] [ 32%] [34m[1mGenerating C type support for eProsima Fast-RTPS[0m
[1.392s] [ 32%] [34m[1mGenerating C introspection for ROS interfaces[0m
[1.392s] [ 32%] [34m[1mGenerating C type support dispatch for ROS interfaces[0m
[1.402s] [ 32%] Built target ament_cmake_python_build_tomato_interfaces_egg
[1.466s] [ 35%] [32mBuilding CXX object CMakeFiles/tomato_interfaces__rosidl_typesupport_introspection_cpp.dir/rosidl_typesupport_introspection_cpp/tomato_interfaces/msg/detail/tomato_detected__type_support.cpp.o[0m
[1.474s] [ 38%] [32mBuilding CXX object CMakeFiles/tomato_interfaces__rosidl_typesupport_fastrtps_cpp.dir/rosidl_typesupport_fastrtps_cpp/tomato_interfaces/msg/detail/dds_fastrtps/tomato_detected__type_support.cpp.o[0m
[1.482s] [ 41%] [32mBuilding CXX object CMakeFiles/tomato_interfaces__rosidl_typesupport_cpp.dir/rosidl_typesupport_cpp/tomato_interfaces/msg/tomato_detected__type_support.cpp.o[0m
[1.523s] [ 45%] [32mBuilding CXX object CMakeFiles/tomato_interfaces__rosidl_typesupport_c.dir/rosidl_typesupport_c/tomato_interfaces/msg/tomato_detected__type_support.cpp.o[0m
[1.538s] [ 51%] [32mBuilding CXX object CMakeFiles/tomato_interfaces__rosidl_typesupport_fastrtps_c.dir/rosidl_typesupport_fastrtps_c/tomato_interfaces/msg/detail/tomato_detected__type_support_c.cpp.o[0m
[1.538s] [ 51%] [32mBuilding C object CMakeFiles/tomato_interfaces__rosidl_typesupport_introspection_c.dir/rosidl_typesupport_introspection_c/tomato_interfaces/msg/detail/tomato_detected__type_support.c.o[0m
[1.546s] [ 54%] [32m[1mLinking CXX shared library libtomato_interfaces__rosidl_typesupport_c.so[0m
[1.562s] [ 58%] [32m[1mLinking C shared library libtomato_interfaces__rosidl_typesupport_introspection_c.so[0m
[1.576s] [ 58%] Built target tomato_interfaces__rosidl_typesupport_c
[1.587s] [ 58%] Built target tomato_interfaces__rosidl_typesupport_introspection_c
[1.638s] [ 61%] [32m[1mLinking CXX shared library libtomato_interfaces__rosidl_typesupport_cpp.so[0m
[1.671s] [ 61%] Built target tomato_interfaces__rosidl_typesupport_cpp
[1.691s] [ 64%] [32m[1mLinking CXX shared library libtomato_interfaces__rosidl_typesupport_introspection_cpp.so[0m
[1.709s] [ 67%] [32m[1mLinking CXX shared library libtomato_interfaces__rosidl_typesupport_fastrtps_cpp.so[0m
[1.722s] [ 67%] Built target tomato_interfaces__rosidl_typesupport_introspection_cpp
[1.727s] [ 70%] [32m[1mLinking CXX shared library libtomato_interfaces__rosidl_typesupport_fastrtps_c.so[0m
[1.764s] [ 70%] Built target tomato_interfaces__rosidl_typesupport_fastrtps_cpp
[1.783s] [ 70%] Built target tomato_interfaces__rosidl_typesupport_fastrtps_c
[1.802s] [ 70%] Built target tomato_interfaces
[1.820s] [ 74%] [34m[1mGenerating Python code for ROS interfaces[0m
[1.975s] [ 74%] Built target tomato_interfaces__py
[1.994s] [ 77%] [32mBuilding C object CMakeFiles/tomato_interfaces__rosidl_generator_py.dir/rosidl_generator_py/tomato_interfaces/msg/_tomato_detected_s.c.o[0m
[2.057s] [ 80%] [32m[1mLinking C shared library rosidl_generator_py/tomato_interfaces/libtomato_interfaces__rosidl_generator_py.so[0m
[2.090s] [ 80%] Built target tomato_interfaces__rosidl_generator_py
[2.107s] [ 90%] [32mBuilding C object CMakeFiles/tomato_interfaces__rosidl_typesupport_c__pyext.dir/rosidl_generator_py/tomato_interfaces/_tomato_interfaces_s.ep.rosidl_typesupport_c.c.o[0m
[2.107s] [ 90%] [32mBuilding C object CMakeFiles/tomato_interfaces__rosidl_typesupport_fastrtps_c__pyext.dir/rosidl_generator_py/tomato_interfaces/_tomato_interfaces_s.ep.rosidl_typesupport_fastrtps_c.c.o[0m
[2.107s] [ 90%] [32mBuilding C object CMakeFiles/tomato_interfaces__rosidl_typesupport_introspection_c__pyext.dir/rosidl_generator_py/tomato_interfaces/_tomato_interfaces_s.ep.rosidl_typesupport_introspection_c.c.o[0m
[2.165s] [ 96%] [32m[1mLinking C shared library rosidl_generator_py/tomato_interfaces/tomato_interfaces_s__rosidl_typesupport_fastrtps_c.cpython-310-x86_64-linux-gnu.so[0m
[2.165s] [ 96%] [32m[1mLinking C shared library rosidl_generator_py/tomato_interfaces/tomato_interfaces_s__rosidl_typesupport_c.cpython-310-x86_64-linux-gnu.so[0m
[2.167s] [100%] [32m[1mLinking C shared library rosidl_generator_py/tomato_interfaces/tomato_interfaces_s__rosidl_typesupport_introspection_c.cpython-310-x86_64-linux-gnu.so[0m
[2.191s] [100%] Built target tomato_interfaces__rosidl_typesupport_c__pyext
[2.193s] [100%] Built target tomato_interfaces__rosidl_typesupport_introspection_c__pyext
[2.193s] [100%] Built target tomato_interfaces__rosidl_typesupport_fastrtps_c__pyext
[2.202s] Invoked command in '/home/g1/tomato_ws/src/build/tomato_interfaces' returned '0': CMAKE_PREFIX_PATH=${CMAKE_PREFIX_PATH}:/home/g1/tomato_ws/install/tomato_fram:/home/g1/work/turtlebot3_ws/install/turtlebot3_teleop:/home/g1/work/turtlebot3_ws/install/turtlebot3_example:/opt/ros/humble /usr/bin/cmake --build /home/g1/tomato_ws/src/build/tomato_interfaces -- -j16 -l16
[2.203s] Invoking command in '/home/g1/tomato_ws/src/build/tomato_interfaces': CMAKE_PREFIX_PATH=${CMAKE_PREFIX_PATH}:/home/g1/tomato_ws/install/tomato_fram:/home/g1/work/turtlebot3_ws/install/turtlebot3_teleop:/home/g1/work/turtlebot3_ws/install/turtlebot3_example:/opt/ros/humble /usr/bin/cmake --install /home/g1/tomato_ws/src/build/tomato_interfaces
[2.209s] -- Install configuration: ""
[2.210s] -- Execute custom install script
[2.210s] -- Symlinking: /home/g1/tomato_ws/src/install/tomato_interfaces/share/ament_index/resource_index/rosidl_interfaces/tomato_interfaces
[2.218s] -- Symlinking: /home/g1/tomato_ws/src/install/tomato_interfaces/include/tomato_interfaces/tomato_interfaces/msg/detail/tomato_detected__functions.h
[2.225s] -- Symlinking: /home/g1/tomato_ws/src/install/tomato_interfaces/include/tomato_interfaces/tomato_interfaces/msg/detail/tomato_detected__struct.h
[2.232s] -- Symlinking: /home/g1/tomato_ws/src/install/tomato_interfaces/include/tomato_interfaces/tomato_interfaces/msg/detail/tomato_detected__type_support.h
[2.240s] -- Symlinking: /home/g1/tomato_ws/src/install/tomato_interfaces/include/tomato_interfaces/tomato_interfaces/msg/rosidl_generator_c__visibility_control.h
[2.247s] -- Symlinking: /home/g1/tomato_ws/src/install/tomato_interfaces/include/tomato_interfaces/tomato_interfaces/msg/tomato_detected.h
[2.254s] -- Symlinking: /home/g1/tomato_ws/src/install/tomato_interfaces/share/tomato_interfaces/environment/library_path.sh
[2.262s] -- Symlinking: /home/g1/tomato_ws/src/install/tomato_interfaces/share/tomato_interfaces/environment/library_path.dsv
[2.270s] -- Symlinking: /home/g1/tomato_ws/src/install/tomato_interfaces/include/tomato_interfaces/tomato_interfaces/msg/detail/tomato_detected__rosidl_typesupport_fastrtps_c.h
[2.278s] -- Symlinking: /home/g1/tomato_ws/src/install/tomato_interfaces/include/tomato_interfaces/tomato_interfaces/msg/rosidl_typesupport_fastrtps_c__visibility_control.h
[2.287s] -- Symlinking: /home/g1/tomato_ws/src/install/tomato_interfaces/include/tomato_interfaces/tomato_interfaces/msg/detail/tomato_detected__builder.hpp
[2.294s] -- Symlinking: /home/g1/tomato_ws/src/install/tomato_interfaces/include/tomato_interfaces/tomato_interfaces/msg/detail/tomato_detected__struct.hpp
[2.301s] -- Symlinking: /home/g1/tomato_ws/src/install/tomato_interfaces/include/tomato_interfaces/tomato_interfaces/msg/detail/tomato_detected__traits.hpp
[2.308s] -- Symlinking: /home/g1/tomato_ws/src/install/tomato_interfaces/include/tomato_interfaces/tomato_interfaces/msg/detail/tomato_detected__type_support.hpp
[2.316s] -- Symlinking: /home/g1/tomato_ws/src/install/tomato_interfaces/include/tomato_interfaces/tomato_interfaces/msg/rosidl_generator_cpp__visibility_control.hpp
[2.324s] -- Symlinking: /home/g1/tomato_ws/src/install/tomato_interfaces/include/tomato_interfaces/tomato_interfaces/msg/tomato_detected.hpp
[2.331s] -- Symlinking: /home/g1/tomato_ws/src/install/tomato_interfaces/include/tomato_interfaces/tomato_interfaces/msg/detail/tomato_detected__rosidl_typesupport_fastrtps_cpp.hpp
[2.338s] -- Symlinking: /home/g1/tomato_ws/src/install/tomato_interfaces/include/tomato_interfaces/tomato_interfaces/msg/rosidl_typesupport_fastrtps_cpp__visibility_control.h
[2.345s] -- Symlinking: /home/g1/tomato_ws/src/install/tomato_interfaces/include/tomato_interfaces/tomato_interfaces/msg/detail/tomato_detected__rosidl_typesupport_introspection_c.h
[2.353s] -- Symlinking: /home/g1/tomato_ws/src/install/tomato_interfaces/include/tomato_interfaces/tomato_interfaces/msg/rosidl_typesupport_introspection_c__visibility_control.h
[2.360s] -- Symlinking: /home/g1/tomato_ws/src/install/tomato_interfaces/include/tomato_interfaces/tomato_interfaces/msg/detail/tomato_detected__rosidl_typesupport_introspection_cpp.hpp
[2.367s] -- Symlinking: /home/g1/tomato_ws/src/install/tomato_interfaces/share/tomato_interfaces/environment/pythonpath.sh
[2.376s] -- Symlinking: /home/g1/tomato_ws/src/install/tomato_interfaces/share/tomato_interfaces/environment/pythonpath.dsv
[2.384s] -- Symlinking: /home/g1/tomato_ws/src/install/tomato_interfaces/local/lib/python3.10/dist-packages/tomato_interfaces-0.0.0-py3.10.egg-info/PKG-INFO
[2.392s] -- Symlinking: /home/g1/tomato_ws/src/install/tomato_interfaces/local/lib/python3.10/dist-packages/tomato_interfaces-0.0.0-py3.10.egg-info/SOURCES.txt
[2.399s] -- Symlinking: /home/g1/tomato_ws/src/install/tomato_interfaces/local/lib/python3.10/dist-packages/tomato_interfaces-0.0.0-py3.10.egg-info/dependency_links.txt
[2.407s] -- Symlinking: /home/g1/tomato_ws/src/install/tomato_interfaces/local/lib/python3.10/dist-packages/tomato_interfaces-0.0.0-py3.10.egg-info/top_level.txt
[2.414s] -- Symlinking: /home/g1/tomato_ws/src/install/tomato_interfaces/local/lib/python3.10/dist-packages/tomato_interfaces/__init__.py
[2.421s] -- Symlinking: /home/g1/tomato_ws/src/install/tomato_interfaces/local/lib/python3.10/dist-packages/tomato_interfaces/_tomato_interfaces_s.ep.rosidl_typesupport_c.c
[2.429s] -- Symlinking: /home/g1/tomato_ws/src/install/tomato_interfaces/local/lib/python3.10/dist-packages/tomato_interfaces/_tomato_interfaces_s.ep.rosidl_typesupport_fastrtps_c.c
[2.436s] -- Symlinking: /home/g1/tomato_ws/src/install/tomato_interfaces/local/lib/python3.10/dist-packages/tomato_interfaces/_tomato_interfaces_s.ep.rosidl_typesupport_introspection_c.c
[2.445s] -- Symlinking: /home/g1/tomato_ws/src/install/tomato_interfaces/local/lib/python3.10/dist-packages/tomato_interfaces/libtomato_interfaces__rosidl_generator_py.so
[2.452s] -- Symlinking: /home/g1/tomato_ws/src/install/tomato_interfaces/local/lib/python3.10/dist-packages/tomato_interfaces/msg/__init__.py
[2.459s] -- Symlinking: /home/g1/tomato_ws/src/install/tomato_interfaces/local/lib/python3.10/dist-packages/tomato_interfaces/msg/_tomato_detected.py
[2.466s] -- Symlinking: /home/g1/tomato_ws/src/install/tomato_interfaces/local/lib/python3.10/dist-packages/tomato_interfaces/msg/_tomato_detected_s.c
[2.473s] -- Symlinking: /home/g1/tomato_ws/src/install/tomato_interfaces/local/lib/python3.10/dist-packages/tomato_interfaces/tomato_interfaces_s__rosidl_typesupport_c.cpython-310-x86_64-linux-gnu.so
[2.481s] -- Symlinking: /home/g1/tomato_ws/src/install/tomato_interfaces/local/lib/python3.10/dist-packages/tomato_interfaces/tomato_interfaces_s__rosidl_typesupport_fastrtps_c.cpython-310-x86_64-linux-gnu.so
[2.488s] -- Symlinking: /home/g1/tomato_ws/src/install/tomato_interfaces/local/lib/python3.10/dist-packages/tomato_interfaces/tomato_interfaces_s__rosidl_typesupport_introspection_c.cpython-310-x86_64-linux-gnu.so
[2.496s] -- Up-to-date symlink: /home/g1/tomato_ws/src/install/tomato_interfaces/local/lib/python3.10/dist-packages/tomato_interfaces/tomato_interfaces_s__rosidl_typesupport_fastrtps_c.cpython-310-x86_64-linux-gnu.so
[2.496s] -- Up-to-date symlink: /home/g1/tomato_ws/src/install/tomato_interfaces/local/lib/python3.10/dist-packages/tomato_interfaces/tomato_interfaces_s__rosidl_typesupport_introspection_c.cpython-310-x86_64-linux-gnu.so
[2.496s] -- Up-to-date symlink: /home/g1/tomato_ws/src/install/tomato_interfaces/local/lib/python3.10/dist-packages/tomato_interfaces/tomato_interfaces_s__rosidl_typesupport_c.cpython-310-x86_64-linux-gnu.so
[2.497s] -- Symlinking: /home/g1/tomato_ws/src/install/tomato_interfaces/share/tomato_interfaces/msg/TomatoDetected.idl
[2.504s] -- Symlinking: /home/g1/tomato_ws/src/install/tomato_interfaces/share/tomato_interfaces/msg/TomatoDetected.msg
[2.511s] -- Symlinking: /home/g1/tomato_ws/src/install/tomato_interfaces/share/ament_index/resource_index/package_run_dependencies/tomato_interfaces
[2.520s] -- Symlinking: /home/g1/tomato_ws/src/install/tomato_interfaces/share/ament_index/resource_index/parent_prefix_path/tomato_interfaces
[2.528s] -- Symlinking: /home/g1/tomato_ws/src/install/tomato_interfaces/share/tomato_interfaces/environment/ament_prefix_path.sh
[2.537s] -- Symlinking: /home/g1/tomato_ws/src/install/tomato_interfaces/share/tomato_interfaces/environment/ament_prefix_path.dsv
[2.547s] -- Symlinking: /home/g1/tomato_ws/src/install/tomato_interfaces/share/tomato_interfaces/environment/path.sh
[2.556s] -- Symlinking: /home/g1/tomato_ws/src/install/tomato_interfaces/share/tomato_interfaces/environment/path.dsv
[2.564s] -- Symlinking: /home/g1/tomato_ws/src/install/tomato_interfaces/share/tomato_interfaces/local_setup.bash
[2.572s] -- Symlinking: /home/g1/tomato_ws/src/install/tomato_interfaces/share/tomato_interfaces/local_setup.sh
[2.580s] -- Symlinking: /home/g1/tomato_ws/src/install/tomato_interfaces/share/tomato_interfaces/local_setup.zsh
[2.587s] -- Symlinking: /home/g1/tomato_ws/src/install/tomato_interfaces/share/tomato_interfaces/local_setup.dsv
[2.596s] -- Symlinking: /home/g1/tomato_ws/src/install/tomato_interfaces/share/tomato_interfaces/package.dsv
[2.603s] -- Symlinking: /home/g1/tomato_ws/src/install/tomato_interfaces/share/ament_index/resource_index/packages/tomato_interfaces
[2.611s] -- Symlinking: /home/g1/tomato_ws/src/install/tomato_interfaces/share/tomato_interfaces/cmake/rosidl_cmake-extras.cmake
[2.619s] -- Symlinking: /home/g1/tomato_ws/src/install/tomato_interfaces/share/tomato_interfaces/cmake/ament_cmake_export_dependencies-extras.cmake
[2.627s] -- Symlinking: /home/g1/tomato_ws/src/install/tomato_interfaces/share/tomato_interfaces/cmake/ament_cmake_export_include_directories-extras.cmake
[2.634s] -- Symlinking: /home/g1/tomato_ws/src/install/tomato_interfaces/share/tomato_interfaces/cmake/ament_cmake_export_libraries-extras.cmake
[2.642s] -- Symlinking: /home/g1/tomato_ws/src/install/tomato_interfaces/share/tomato_interfaces/cmake/ament_cmake_export_targets-extras.cmake
[2.649s] -- Symlinking: /home/g1/tomato_ws/src/install/tomato_interfaces/share/tomato_interfaces/cmake/rosidl_cmake_export_typesupport_targets-extras.cmake
[2.657s] -- Symlinking: /home/g1/tomato_ws/src/install/tomato_interfaces/share/tomato_interfaces/cmake/rosidl_cmake_export_typesupport_libraries-extras.cmake
[2.665s] -- Symlinking: /home/g1/tomato_ws/src/install/tomato_interfaces/share/tomato_interfaces/cmake/tomato_interfacesConfig.cmake
[2.672s] -- Symlinking: /home/g1/tomato_ws/src/install/tomato_interfaces/share/tomato_interfaces/cmake/tomato_interfacesConfig-version.cmake
[2.679s] -- Symlinking: /home/g1/tomato_ws/src/install/tomato_interfaces/share/tomato_interfaces/package.xml
[2.687s] -- Installing: /home/g1/tomato_ws/src/install/tomato_interfaces/lib/libtomato_interfaces__rosidl_generator_c.so
[2.688s] -- Set runtime path of "/home/g1/tomato_ws/src/install/tomato_interfaces/lib/libtomato_interfaces__rosidl_generator_c.so" to ""
[2.688s] -- Installing: /home/g1/tomato_ws/src/install/tomato_interfaces/lib/libtomato_interfaces__rosidl_typesupport_fastrtps_c.so
[2.688s] -- Set runtime path of "/home/g1/tomato_ws/src/install/tomato_interfaces/lib/libtomato_interfaces__rosidl_typesupport_fastrtps_c.so" to ""
[2.688s] -- Installing: /home/g1/tomato_ws/src/install/tomato_interfaces/lib/libtomato_interfaces__rosidl_typesupport_fastrtps_cpp.so
[2.688s] -- Set runtime path of "/home/g1/tomato_ws/src/install/tomato_interfaces/lib/libtomato_interfaces__rosidl_typesupport_fastrtps_cpp.so" to ""
[2.688s] -- Installing: /home/g1/tomato_ws/src/install/tomato_interfaces/lib/libtomato_interfaces__rosidl_typesupport_introspection_c.so
[2.688s] -- Set runtime path of "/home/g1/tomato_ws/src/install/tomato_interfaces/lib/libtomato_interfaces__rosidl_typesupport_introspection_c.so" to ""
[2.689s] -- Installing: /home/g1/tomato_ws/src/install/tomato_interfaces/lib/libtomato_interfaces__rosidl_typesupport_c.so
[2.689s] -- Set runtime path of "/home/g1/tomato_ws/src/install/tomato_interfaces/lib/libtomato_interfaces__rosidl_typesupport_c.so" to ""
[2.689s] -- Installing: /home/g1/tomato_ws/src/install/tomato_interfaces/lib/libtomato_interfaces__rosidl_typesupport_introspection_cpp.so
[2.689s] -- Set runtime path of "/home/g1/tomato_ws/src/install/tomato_interfaces/lib/libtomato_interfaces__rosidl_typesupport_introspection_cpp.so" to ""
[2.689s] -- Installing: /home/g1/tomato_ws/src/install/tomato_interfaces/lib/libtomato_interfaces__rosidl_typesupport_cpp.so
[2.689s] -- Set runtime path of "/home/g1/tomato_ws/src/install/tomato_interfaces/lib/libtomato_interfaces__rosidl_typesupport_cpp.so" to ""
[2.712s] Listing '/home/g1/tomato_ws/src/install/tomato_interfaces/local/lib/python3.10/dist-packages/tomato_interfaces'...
[2.712s] Compiling '/home/g1/tomato_ws/src/install/tomato_interfaces/local/lib/python3.10/dist-packages/tomato_interfaces/__init__.py'...
[2.712s] Listing '/home/g1/tomato_ws/src/install/tomato_interfaces/local/lib/python3.10/dist-packages/tomato_interfaces/msg'...
[2.712s] Compiling '/home/g1/tomato_ws/src/install/tomato_interfaces/local/lib/python3.10/dist-packages/tomato_interfaces/msg/__init__.py'...
[2.712s] Compiling '/home/g1/tomato_ws/src/install/tomato_interfaces/local/lib/python3.10/dist-packages/tomato_interfaces/msg/_tomato_detected.py'...
[2.715s] -- Installing: /home/g1/tomato_ws/src/install/tomato_interfaces/lib/libtomato_interfaces__rosidl_generator_py.so
[2.715s] -- Set runtime path of "/home/g1/tomato_ws/src/install/tomato_interfaces/lib/libtomato_interfaces__rosidl_generator_py.so" to ""
[2.715s] -- Installing: /home/g1/tomato_ws/src/install/tomato_interfaces/share/tomato_interfaces/cmake/export_tomato_interfaces__rosidl_generator_cExport.cmake
[2.716s] -- Installing: /home/g1/tomato_ws/src/install/tomato_interfaces/share/tomato_interfaces/cmake/export_tomato_interfaces__rosidl_generator_cExport-noconfig.cmake
[2.716s] -- Installing: /home/g1/tomato_ws/src/install/tomato_interfaces/share/tomato_interfaces/cmake/export_tomato_interfaces__rosidl_typesupport_fastrtps_cExport.cmake
[2.716s] -- Installing: /home/g1/tomato_ws/src/install/tomato_interfaces/share/tomato_interfaces/cmake/export_tomato_interfaces__rosidl_typesupport_fastrtps_cExport-noconfig.cmake
[2.716s] -- Installing: /home/g1/tomato_ws/src/install/tomato_interfaces/share/tomato_interfaces/cmake/export_tomato_interfaces__rosidl_generator_cppExport.cmake
[2.716s] -- Installing: /home/g1/tomato_ws/src/install/tomato_interfaces/share/tomato_interfaces/cmake/export_tomato_interfaces__rosidl_typesupport_fastrtps_cppExport.cmake
[2.716s] -- Installing: /home/g1/tomato_ws/src/install/tomato_interfaces/share/tomato_interfaces/cmake/export_tomato_interfaces__rosidl_typesupport_fastrtps_cppExport-noconfig.cmake
[2.716s] -- Installing: /home/g1/tomato_ws/src/install/tomato_interfaces/share/tomato_interfaces/cmake/tomato_interfaces__rosidl_typesupport_introspection_cExport.cmake
[2.716s] -- Installing: /home/g1/tomato_ws/src/install/tomato_interfaces/share/tomato_interfaces/cmake/tomato_interfaces__rosidl_typesupport_introspection_cExport-noconfig.cmake
[2.716s] -- Installing: /home/g1/tomato_ws/src/install/tomato_interfaces/share/tomato_interfaces/cmake/tomato_interfaces__rosidl_typesupport_cExport.cmake
[2.716s] -- Installing: /home/g1/tomato_ws/src/install/tomato_interfaces/share/tomato_interfaces/cmake/tomato_interfaces__rosidl_typesupport_cExport-noconfig.cmake
[2.717s] -- Installing: /home/g1/tomato_ws/src/install/tomato_interfaces/share/tomato_interfaces/cmake/tomato_interfaces__rosidl_typesupport_introspection_cppExport.cmake
[2.717s] -- Installing: /home/g1/tomato_ws/src/install/tomato_interfaces/share/tomato_interfaces/cmake/tomato_interfaces__rosidl_typesupport_introspection_cppExport-noconfig.cmake
[2.717s] -- Installing: /home/g1/tomato_ws/src/install/tomato_interfaces/share/tomato_interfaces/cmake/tomato_interfaces__rosidl_typesupport_cppExport.cmake
[2.717s] -- Installing: /home/g1/tomato_ws/src/install/tomato_interfaces/share/tomato_interfaces/cmake/tomato_interfaces__rosidl_typesupport_cppExport-noconfig.cmake
[2.717s] -- Installing: /home/g1/tomato_ws/src/install/tomato_interfaces/share/tomato_interfaces/cmake/export_tomato_interfaces__rosidl_generator_pyExport.cmake
[2.717s] -- Installing: /home/g1/tomato_ws/src/install/tomato_interfaces/share/tomato_interfaces/cmake/export_tomato_interfaces__rosidl_generator_pyExport-noconfig.cmake
[2.719s] Invoked command in '/home/g1/tomato_ws/src/build/tomato_interfaces' returned '0': CMAKE_PREFIX_PATH=${CMAKE_PREFIX_PATH}:/home/g1/tomato_ws/install/tomato_fram:/home/g1/work/turtlebot3_ws/install/turtlebot3_teleop:/home/g1/work/turtlebot3_ws/install/turtlebot3_example:/opt/ros/humble /usr/bin/cmake --install /home/g1/tomato_ws/src/build/tomato_interfaces
