[0.413s] Invoking command in '/home/g1/tomato_ws/build/tomato_fram': PYTHONPATH=/home/g1/tomato_ws/build/tomato_fram/prefix_override:/usr/lib/python3/dist-packages/colcon_core/task/python/colcon_distutils_commands:/home/g1/tomato_ws/install/tomato_fram/lib/python3.10/site-packages:${PYTHONPATH} /usr/bin/python3 -W ignore:setup.py install is deprecated -W ignore:easy_install command is deprecated setup.py develop --editable --build-directory /home/g1/tomato_ws/build/tomato_fram/build --no-deps symlink_data
[0.589s] running develop
[0.724s] running egg_info
[0.724s] creating tomato_fram.egg-info
[0.725s] writing tomato_fram.egg-info/PKG-INFO
[0.725s] writing dependency_links to tomato_fram.egg-info/dependency_links.txt
[0.725s] writing entry points to tomato_fram.egg-info/entry_points.txt
[0.725s] writing requirements to tomato_fram.egg-info/requires.txt
[0.725s] writing top-level names to tomato_fram.egg-info/top_level.txt
[0.725s] writing manifest file 'tomato_fram.egg-info/SOURCES.txt'
[0.726s] reading manifest file 'tomato_fram.egg-info/SOURCES.txt'
[0.726s] writing manifest file 'tomato_fram.egg-info/SOURCES.txt'
[0.727s] running build_ext
[0.727s] Creating /home/g1/tomato_ws/install/tomato_fram/lib/python3.10/site-packages/tomato-fram.egg-link (link to .)
[0.728s] 
[0.728s] Installed /home/g1/tomato_ws/build/tomato_fram
[0.728s] running symlink_data
[0.728s] creating /home/g1/tomato_ws/install/tomato_fram/share/ament_index
[0.728s] creating /home/g1/tomato_ws/install/tomato_fram/share/ament_index/resource_index
[0.728s] creating /home/g1/tomato_ws/install/tomato_fram/share/ament_index/resource_index/packages
[0.728s] symbolically linking /home/g1/tomato_ws/build/tomato_fram/resource/tomato_fram -> /home/g1/tomato_ws/install/tomato_fram/share/ament_index/resource_index/packages
[0.728s] symbolically linking /home/g1/tomato_ws/build/tomato_fram/package.xml -> /home/g1/tomato_ws/install/tomato_fram/share/tomato_fram
[0.728s] creating /home/g1/tomato_ws/install/tomato_fram/share/tomato_fram/launch
[0.728s] symbolically linking /home/g1/tomato_ws/build/tomato_fram/launch/upload_robot.launch.py -> /home/g1/tomato_ws/install/tomato_fram/share/tomato_fram/launch
[0.728s] symbolically linking /home/g1/tomato_ws/build/tomato_fram/launch/tomato_fram_robot.launch.py -> /home/g1/tomato_ws/install/tomato_fram/share/tomato_fram/launch
[0.728s] creating /home/g1/tomato_ws/install/tomato_fram/share/tomato_fram/urdf
[0.728s] creating /home/g1/tomato_ws/install/tomato_fram/share/tomato_fram/worlds
[0.750s] Invoked command in '/home/g1/tomato_ws/build/tomato_fram' returned '0': PYTHONPATH=/home/g1/tomato_ws/build/tomato_fram/prefix_override:/usr/lib/python3/dist-packages/colcon_core/task/python/colcon_distutils_commands:/home/g1/tomato_ws/install/tomato_fram/lib/python3.10/site-packages:${PYTHONPATH} /usr/bin/python3 -W ignore:setup.py install is deprecated -W ignore:easy_install command is deprecated setup.py develop --editable --build-directory /home/g1/tomato_ws/build/tomato_fram/build --no-deps symlink_data
