[0.010s] Invoking command in '/home/g1/tomato_ws/build/description': CMAKE_PREFIX_PATH=${CMAKE_PREFIX_PATH}:/home/g1/tomato_ws/install/tomato_fram:/home/g1/work/turtlebot3_ws/install/turtlebot3_teleop:/home/g1/work/turtlebot3_ws/install/turtlebot3_example:/opt/ros/humble /usr/bin/cmake /home/g1/tomato_ws/src/description -DAMENT_CMAKE_SYMLINK_INSTALL=1 -DCMAKE_INSTALL_PREFIX=/home/g1/tomato_ws/install/description
[0.051s] -- The C compiler identification is GNU 11.4.0
[0.088s] -- The CXX compiler identification is GNU 11.4.0
[0.094s] -- Detecting C compiler ABI info
[0.149s] -- Detecting C compiler ABI info - done
[0.158s] -- Check for working C compiler: /usr/bin/cc - skipped
[0.159s] -- Detecting C compile features
[0.159s] -- Detecting C compile features - done
[0.163s] -- Detecting CXX compiler ABI info
[0.228s] -- Detecting CXX compiler ABI info - done
[0.232s] -- Check for working CXX compiler: /usr/bin/c++ - skipped
[0.232s] -- Detecting CXX compile features
[0.232s] -- Detecting CXX compile features - done
[0.235s] -- Found ament_cmake: 1.3.10 (/opt/ros/humble/share/ament_cmake/cmake)
[0.337s] -- Found Python3: /usr/bin/python3 (found version "3.10.12") found components: Interpreter 
[0.377s] -- Override CMake install command with custom implementation using symlinks instead of copying resources
[0.410s] -- Found ament_lint_auto: 0.12.11 (/opt/ros/humble/share/ament_lint_auto/cmake)
[0.469s] -- Added test 'lint_cmake' to check CMake code style
[0.471s] -- Added test 'xmllint' to check XML markup files
[0.472s] -- Configuring done
[0.475s] -- Generating done
[0.476s] -- Build files have been written to: /home/g1/tomato_ws/build/description
[0.479s] Invoked command in '/home/g1/tomato_ws/build/description' returned '0': CMAKE_PREFIX_PATH=${CMAKE_PREFIX_PATH}:/home/g1/tomato_ws/install/tomato_fram:/home/g1/work/turtlebot3_ws/install/turtlebot3_teleop:/home/g1/work/turtlebot3_ws/install/turtlebot3_example:/opt/ros/humble /usr/bin/cmake /home/g1/tomato_ws/src/description -DAMENT_CMAKE_SYMLINK_INSTALL=1 -DCMAKE_INSTALL_PREFIX=/home/g1/tomato_ws/install/description
[0.482s] Invoking command in '/home/g1/tomato_ws/build/description': CMAKE_PREFIX_PATH=${CMAKE_PREFIX_PATH}:/home/g1/tomato_ws/install/tomato_fram:/home/g1/work/turtlebot3_ws/install/turtlebot3_teleop:/home/g1/work/turtlebot3_ws/install/turtlebot3_example:/opt/ros/humble /usr/bin/cmake --build /home/g1/tomato_ws/build/description -- -j16 -l16
[0.515s] Invoked command in '/home/g1/tomato_ws/build/description' returned '0': CMAKE_PREFIX_PATH=${CMAKE_PREFIX_PATH}:/home/g1/tomato_ws/install/tomato_fram:/home/g1/work/turtlebot3_ws/install/turtlebot3_teleop:/home/g1/work/turtlebot3_ws/install/turtlebot3_example:/opt/ros/humble /usr/bin/cmake --build /home/g1/tomato_ws/build/description -- -j16 -l16
[0.523s] Invoking command in '/home/g1/tomato_ws/build/description': CMAKE_PREFIX_PATH=${CMAKE_PREFIX_PATH}:/home/g1/tomato_ws/install/tomato_fram:/home/g1/work/turtlebot3_ws/install/turtlebot3_teleop:/home/g1/work/turtlebot3_ws/install/turtlebot3_example:/opt/ros/humble /usr/bin/cmake --install /home/g1/tomato_ws/build/description
[0.530s] -- Install configuration: ""
[0.530s] -- Execute custom install script
[0.530s] -- Symlinking: /home/g1/tomato_ws/install/description/share/description/meshes/robot_a/robot_a_body.dae
[0.537s] -- Symlinking: /home/g1/tomato_ws/install/description/share/description/meshes/robot_a/robot_a_body.stl
[0.544s] -- Symlinking: /home/g1/tomato_ws/install/description/share/description/meshes/robot_a/robot_a_l_wheel.dae
[0.551s] -- Symlinking: /home/g1/tomato_ws/install/description/share/description/meshes/robot_a/robot_a_l_wheel.stl
[0.559s] -- Symlinking: /home/g1/tomato_ws/install/description/share/description/meshes/robot_a/robot_a_r_wheel.dae
[0.565s] -- Symlinking: /home/g1/tomato_ws/install/description/share/description/meshes/robot_a/robot_a_r_wheel.stl
[0.572s] -- Symlinking: /home/g1/tomato_ws/install/description/share/description/meshes/robot_b/lds.stl
[0.579s] -- Symlinking: /home/g1/tomato_ws/install/description/share/description/meshes/robot_b/robot_b_body.dae
[0.586s] -- Symlinking: /home/g1/tomato_ws/install/description/share/description/meshes/robot_b/robot_b_body.stl
[0.593s] -- Symlinking: /home/g1/tomato_ws/install/description/share/description/meshes/robot_b/robot_b_l_wheel.dae
[0.600s] -- Symlinking: /home/g1/tomato_ws/install/description/share/description/meshes/robot_b/robot_b_l_wheel.stl
[0.608s] -- Symlinking: /home/g1/tomato_ws/install/description/share/description/meshes/robot_b/robot_b_r_wheel.dae
[0.615s] -- Symlinking: /home/g1/tomato_ws/install/description/share/description/meshes/robot_b/robot_b_r_wheel.stl
[0.622s] -- Symlinking: /home/g1/tomato_ws/install/description/share/description/urdf/macros.xacro
[0.630s] -- Symlinking: /home/g1/tomato_ws/install/description/share/description/urdf/robot_2.xacro
[0.637s] -- Symlinking: /home/g1/tomato_ws/install/description/share/description/rviz/robot.rviz
[0.645s] -- Symlinking: /home/g1/tomato_ws/install/description/share/description/worlds/tomato_fram.world
[0.652s] -- Symlinking: /home/g1/tomato_ws/install/description/share/description/worlds/tomato_fram/model.config
[0.660s] -- Symlinking: /home/g1/tomato_ws/install/description/share/description/worlds/tomato_fram/model.sdf
[0.668s] -- Symlinking: /home/g1/tomato_ws/install/description/share/description/models/turtlebot3_burger/meshes/burger_base.dae
[0.675s] -- Symlinking: /home/g1/tomato_ws/install/description/share/description/models/turtlebot3_burger/meshes/lds.dae
[0.681s] -- Symlinking: /home/g1/tomato_ws/install/description/share/description/models/turtlebot3_burger/meshes/tire.dae
[0.687s] -- Symlinking: /home/g1/tomato_ws/install/description/share/description/models/turtlebot3_burger/model-1_4.sdf
[0.693s] -- Symlinking: /home/g1/tomato_ws/install/description/share/description/models/turtlebot3_burger/model.config
[0.700s] -- Symlinking: /home/g1/tomato_ws/install/description/share/description/models/turtlebot3_burger/model.sdf
[0.706s] -- Symlinking: /home/g1/tomato_ws/install/description/share/description/models/turtlebot3_waffle/meshes/lds.dae
[0.713s] -- Symlinking: /home/g1/tomato_ws/install/description/share/description/models/turtlebot3_waffle/meshes/r200.dae
[0.719s] -- Symlinking: /home/g1/tomato_ws/install/description/share/description/models/turtlebot3_waffle/meshes/tire.dae
[0.725s] -- Symlinking: /home/g1/tomato_ws/install/description/share/description/models/turtlebot3_waffle/meshes/waffle_base.dae
[0.731s] -- Symlinking: /home/g1/tomato_ws/install/description/share/description/models/turtlebot3_waffle/model-1_4.sdf
[0.738s] -- Symlinking: /home/g1/tomato_ws/install/description/share/description/models/turtlebot3_waffle/model.config
[0.745s] -- Symlinking: /home/g1/tomato_ws/install/description/share/description/models/turtlebot3_waffle/model.sdf
[0.752s] -- Symlinking: /home/g1/tomato_ws/install/description/share/description/models/turtlebot3_waffle/model_nocamera.sdf
[0.760s] -- Symlinking: /home/g1/tomato_ws/install/description/share/ament_index/resource_index/package_run_dependencies/description
[0.767s] -- Symlinking: /home/g1/tomato_ws/install/description/share/ament_index/resource_index/parent_prefix_path/description
[0.774s] -- Symlinking: /home/g1/tomato_ws/install/description/share/description/environment/ament_prefix_path.sh
[0.782s] -- Symlinking: /home/g1/tomato_ws/install/description/share/description/environment/ament_prefix_path.dsv
[0.789s] -- Symlinking: /home/g1/tomato_ws/install/description/share/description/environment/path.sh
[0.796s] -- Symlinking: /home/g1/tomato_ws/install/description/share/description/environment/path.dsv
[0.802s] -- Symlinking: /home/g1/tomato_ws/install/description/share/description/local_setup.bash
[0.809s] -- Symlinking: /home/g1/tomato_ws/install/description/share/description/local_setup.sh
[0.816s] -- Symlinking: /home/g1/tomato_ws/install/description/share/description/local_setup.zsh
[0.823s] -- Symlinking: /home/g1/tomato_ws/install/description/share/description/local_setup.dsv
[0.830s] -- Symlinking: /home/g1/tomato_ws/install/description/share/description/package.dsv
[0.837s] -- Symlinking: /home/g1/tomato_ws/install/description/share/ament_index/resource_index/packages/description
[0.844s] -- Symlinking: /home/g1/tomato_ws/install/description/share/description/cmake/descriptionConfig.cmake
[0.850s] -- Symlinking: /home/g1/tomato_ws/install/description/share/description/cmake/descriptionConfig-version.cmake
[0.857s] -- Symlinking: /home/g1/tomato_ws/install/description/share/description/package.xml
[0.866s] Invoked command in '/home/g1/tomato_ws/build/description' returned '0': CMAKE_PREFIX_PATH=${CMAKE_PREFIX_PATH}:/home/g1/tomato_ws/install/tomato_fram:/home/g1/work/turtlebot3_ws/install/turtlebot3_teleop:/home/g1/work/turtlebot3_ws/install/turtlebot3_example:/opt/ros/humble /usr/bin/cmake --install /home/g1/tomato_ws/build/description
