[0.012s] Invoking command in '/home/g1/tomato_ws/build/description': CMAKE_PREFIX_PATH=${CMAKE_PREFIX_PATH}:/home/g1/tomato_ws/install/tomato_fram:/home/g1/work/turtlebot3_ws/install/turtlebot3_teleop:/home/g1/work/turtlebot3_ws/install/turtlebot3_example:/opt/ros/humble /usr/bin/cmake /home/g1/tomato_ws/src/description -DAMENT_CMAKE_SYMLINK_INSTALL=1 -DCMAKE_INSTALL_PREFIX=/home/g1/tomato_ws/install/description
[0.191s] -- The C compiler identification is GNU 11.4.0
[0.191s] -- The CXX compiler identification is GNU 11.4.0
[0.192s] -- Detecting C compiler ABI info
[0.192s] -- Detecting C compiler ABI info - done
[0.192s] -- Check for working C compiler: /usr/bin/cc - skipped
[0.192s] -- Detecting C compile features
[0.192s] -- Detecting C compile features - done
[0.192s] -- Detecting CXX compiler ABI info
[0.237s] -- Detecting CXX compiler ABI info - done
[0.245s] -- Check for working CXX compiler: /usr/bin/c++ - skipped
[0.246s] -- Detecting CXX compile features
[0.246s] -- Detecting CXX compile features - done
[0.252s] -- Found ament_cmake: 1.3.10 (/opt/ros/humble/share/ament_cmake/cmake)
[0.361s] -- Found Python3: /usr/bin/python3 (found version "3.10.12") found components: Interpreter 
[0.399s] -- Override CMake install command with custom implementation using symlinks instead of copying resources
[0.430s] -- Found ament_lint_auto: 0.12.11 (/opt/ros/humble/share/ament_lint_auto/cmake)
[0.487s] -- Added test 'lint_cmake' to check CMake code style
[0.490s] -- Added test 'xmllint' to check XML markup files
[0.491s] -- Configuring done
[0.493s] -- Generating done
[0.494s] -- Build files have been written to: /home/g1/tomato_ws/build/description
[0.497s] Invoked command in '/home/g1/tomato_ws/build/description' returned '0': CMAKE_PREFIX_PATH=${CMAKE_PREFIX_PATH}:/home/g1/tomato_ws/install/tomato_fram:/home/g1/work/turtlebot3_ws/install/turtlebot3_teleop:/home/g1/work/turtlebot3_ws/install/turtlebot3_example:/opt/ros/humble /usr/bin/cmake /home/g1/tomato_ws/src/description -DAMENT_CMAKE_SYMLINK_INSTALL=1 -DCMAKE_INSTALL_PREFIX=/home/g1/tomato_ws/install/description
[0.499s] Invoking command in '/home/g1/tomato_ws/build/description': CMAKE_PREFIX_PATH=${CMAKE_PREFIX_PATH}:/home/g1/tomato_ws/install/tomato_fram:/home/g1/work/turtlebot3_ws/install/turtlebot3_teleop:/home/g1/work/turtlebot3_ws/install/turtlebot3_example:/opt/ros/humble /usr/bin/cmake --build /home/g1/tomato_ws/build/description -- -j16 -l16
[0.532s] Invoked command in '/home/g1/tomato_ws/build/description' returned '0': CMAKE_PREFIX_PATH=${CMAKE_PREFIX_PATH}:/home/g1/tomato_ws/install/tomato_fram:/home/g1/work/turtlebot3_ws/install/turtlebot3_teleop:/home/g1/work/turtlebot3_ws/install/turtlebot3_example:/opt/ros/humble /usr/bin/cmake --build /home/g1/tomato_ws/build/description -- -j16 -l16
[0.541s] Invoking command in '/home/g1/tomato_ws/build/description': CMAKE_PREFIX_PATH=${CMAKE_PREFIX_PATH}:/home/g1/tomato_ws/install/tomato_fram:/home/g1/work/turtlebot3_ws/install/turtlebot3_teleop:/home/g1/work/turtlebot3_ws/install/turtlebot3_example:/opt/ros/humble /usr/bin/cmake --install /home/g1/tomato_ws/build/description
[0.546s] -- Install configuration: ""
[0.546s] -- Execute custom install script
[0.547s] -- Symlinking: /home/g1/tomato_ws/install/description/share/description/meshes/robot_a/robot_a_body.dae
[0.554s] -- Symlinking: /home/g1/tomato_ws/install/description/share/description/meshes/robot_a/robot_a_body.stl
[0.561s] -- Symlinking: /home/g1/tomato_ws/install/description/share/description/meshes/robot_a/robot_a_l_wheel.dae
[0.568s] -- Symlinking: /home/g1/tomato_ws/install/description/share/description/meshes/robot_a/robot_a_l_wheel.stl
[0.575s] -- Symlinking: /home/g1/tomato_ws/install/description/share/description/meshes/robot_a/robot_a_r_wheel.dae
[0.582s] -- Symlinking: /home/g1/tomato_ws/install/description/share/description/meshes/robot_a/robot_a_r_wheel.stl
[0.589s] -- Symlinking: /home/g1/tomato_ws/install/description/share/description/meshes/robot_b/lds.stl
[0.596s] -- Symlinking: /home/g1/tomato_ws/install/description/share/description/meshes/robot_b/robot_b_body.dae
[0.602s] -- Symlinking: /home/g1/tomato_ws/install/description/share/description/meshes/robot_b/robot_b_body.stl
[0.609s] -- Symlinking: /home/g1/tomato_ws/install/description/share/description/meshes/robot_b/robot_b_l_wheel.dae
[0.616s] -- Symlinking: /home/g1/tomato_ws/install/description/share/description/meshes/robot_b/robot_b_l_wheel.stl
[0.624s] -- Symlinking: /home/g1/tomato_ws/install/description/share/description/meshes/robot_b/robot_b_r_wheel.dae
[0.631s] -- Symlinking: /home/g1/tomato_ws/install/description/share/description/meshes/robot_b/robot_b_r_wheel.stl
[0.638s] -- Symlinking: /home/g1/tomato_ws/install/description/share/description/urdf/common_properties.urdf
[0.644s] -- Symlinking: /home/g1/tomato_ws/install/description/share/description/urdf/macros.xacro
[0.651s] -- Symlinking: /home/g1/tomato_ws/install/description/share/description/urdf/robot_2.xacro
[0.662s] -- Symlinking: /home/g1/tomato_ws/install/description/share/description/urdf/turtlebot3_burger.urdf
[0.669s] -- Symlinking: /home/g1/tomato_ws/install/description/share/description/urdf/turtlebot3_waffle.urdf
[0.675s] -- Symlinking: /home/g1/tomato_ws/install/description/share/description/rviz/robot.rviz
[0.681s] -- Symlinking: /home/g1/tomato_ws/install/description/share/description/rviz/robot_with_laserscan.rviz
[0.688s] -- Symlinking: /home/g1/tomato_ws/install/description/share/description/rviz/turtlebot.rviz
[0.694s] -- Symlinking: /home/g1/tomato_ws/install/description/share/description/worlds/tomato_fram.world
[0.701s] -- Symlinking: /home/g1/tomato_ws/install/description/share/description/worlds/tomato_fram/model.config
[0.707s] -- Symlinking: /home/g1/tomato_ws/install/description/share/description/worlds/tomato_fram/model.sdf
[0.714s] -- Symlinking: /home/g1/tomato_ws/install/description/share/description/models/robot_a/meshes/robot_a_body.dae
[0.719s] -- Symlinking: /home/g1/tomato_ws/install/description/share/description/models/robot_a/meshes/robot_a_l_wheel.dae
[0.725s] -- Symlinking: /home/g1/tomato_ws/install/description/share/description/models/robot_a/meshes/robot_a_r_wheel.dae
[0.732s] -- Symlinking: /home/g1/tomato_ws/install/description/share/description/models/robot_a/model.config
[0.738s] -- Symlinking: /home/g1/tomato_ws/install/description/share/description/models/robot_a/robot_a.sdf
[0.744s] -- Symlinking: /home/g1/tomato_ws/install/description/share/description/models/turtlebot3_burger/meshes/burger_base.dae
[0.751s] -- Symlinking: /home/g1/tomato_ws/install/description/share/description/models/turtlebot3_burger/meshes/lds.dae
[0.758s] -- Symlinking: /home/g1/tomato_ws/install/description/share/description/models/turtlebot3_burger/meshes/tire.dae
[0.766s] -- Symlinking: /home/g1/tomato_ws/install/description/share/description/models/turtlebot3_burger/model-1_4.sdf
[0.772s] -- Symlinking: /home/g1/tomato_ws/install/description/share/description/models/turtlebot3_burger/model.config
[0.778s] -- Symlinking: /home/g1/tomato_ws/install/description/share/description/models/turtlebot3_burger/model.sdf
[0.785s] -- Symlinking: /home/g1/tomato_ws/install/description/share/description/models/turtlebot3_waffle/meshes/lds.dae
[0.791s] -- Symlinking: /home/g1/tomato_ws/install/description/share/description/models/turtlebot3_waffle/meshes/r200.dae
[0.798s] -- Symlinking: /home/g1/tomato_ws/install/description/share/description/models/turtlebot3_waffle/meshes/tire.dae
[0.806s] -- Symlinking: /home/g1/tomato_ws/install/description/share/description/models/turtlebot3_waffle/meshes/waffle_base.dae
[0.812s] -- Symlinking: /home/g1/tomato_ws/install/description/share/description/models/turtlebot3_waffle/model-1_4.sdf
[0.818s] -- Symlinking: /home/g1/tomato_ws/install/description/share/description/models/turtlebot3_waffle/model.config
[0.824s] -- Symlinking: /home/g1/tomato_ws/install/description/share/description/models/turtlebot3_waffle/model.sdf
[0.830s] -- Symlinking: /home/g1/tomato_ws/install/description/share/description/models/turtlebot3_waffle/model_nocamera.sdf
[0.838s] -- Symlinking: /home/g1/tomato_ws/install/description/share/ament_index/resource_index/package_run_dependencies/description
[0.845s] -- Symlinking: /home/g1/tomato_ws/install/description/share/ament_index/resource_index/parent_prefix_path/description
[0.852s] -- Symlinking: /home/g1/tomato_ws/install/description/share/description/environment/ament_prefix_path.sh
[0.858s] -- Symlinking: /home/g1/tomato_ws/install/description/share/description/environment/ament_prefix_path.dsv
[0.865s] -- Symlinking: /home/g1/tomato_ws/install/description/share/description/environment/path.sh
[0.871s] -- Symlinking: /home/g1/tomato_ws/install/description/share/description/environment/path.dsv
[0.877s] -- Symlinking: /home/g1/tomato_ws/install/description/share/description/local_setup.bash
[0.883s] -- Symlinking: /home/g1/tomato_ws/install/description/share/description/local_setup.sh
[0.890s] -- Symlinking: /home/g1/tomato_ws/install/description/share/description/local_setup.zsh
[0.896s] -- Symlinking: /home/g1/tomato_ws/install/description/share/description/local_setup.dsv
[0.903s] -- Symlinking: /home/g1/tomato_ws/install/description/share/description/package.dsv
[0.910s] -- Symlinking: /home/g1/tomato_ws/install/description/share/ament_index/resource_index/packages/description
[0.916s] -- Symlinking: /home/g1/tomato_ws/install/description/share/description/cmake/descriptionConfig.cmake
[0.923s] -- Symlinking: /home/g1/tomato_ws/install/description/share/description/cmake/descriptionConfig-version.cmake
[0.930s] -- Symlinking: /home/g1/tomato_ws/install/description/share/description/package.xml
[0.939s] Invoked command in '/home/g1/tomato_ws/build/description' returned '0': CMAKE_PREFIX_PATH=${CMAKE_PREFIX_PATH}:/home/g1/tomato_ws/install/tomato_fram:/home/g1/work/turtlebot3_ws/install/turtlebot3_teleop:/home/g1/work/turtlebot3_ws/install/turtlebot3_example:/opt/ros/humble /usr/bin/cmake --install /home/g1/tomato_ws/build/description
