-- Found ament_cmake: 1.3.10 (/opt/ros/humble/share/ament_cmake/cmake)
-- Override CMake install command with custom implementation using symlinks instead of copying resources
-- Found ament_lint_auto: 0.12.11 (/opt/ros/humble/share/ament_lint_auto/cmake)
-- Added test 'lint_cmake' to check CMake code style
-- Added test 'xmllint' to check XML markup files
-- Configuring done
-- Generating done
-- Build files have been written to: /home/g1/tomato_ws/build/description
-- Install configuration: ""
-- Execute custom install script
-- Up-to-date symlink: /home/g1/tomato_ws/install/description/share/description/meshes/robot_a/robot_a_body.dae
-- Up-to-date symlink: /home/g1/tomato_ws/install/description/share/description/meshes/robot_a/robot_a_body.stl
-- Up-to-date symlink: /home/g1/tomato_ws/install/description/share/description/meshes/robot_a/robot_a_l_wheel.dae
-- Up-to-date symlink: /home/g1/tomato_ws/install/description/share/description/meshes/robot_a/robot_a_l_wheel.stl
-- Up-to-date symlink: /home/g1/tomato_ws/install/description/share/description/meshes/robot_a/robot_a_r_wheel.dae
-- Up-to-date symlink: /home/g1/tomato_ws/install/description/share/description/meshes/robot_a/robot_a_r_wheel.stl
-- Up-to-date symlink: /home/g1/tomato_ws/install/description/share/description/meshes/robot_b/lds.stl
-- Up-to-date symlink: /home/g1/tomato_ws/install/description/share/description/meshes/robot_b/robot_b_body.dae
-- Up-to-date symlink: /home/g1/tomato_ws/install/description/share/description/meshes/robot_b/robot_b_body.stl
-- Up-to-date symlink: /home/g1/tomato_ws/install/description/share/description/meshes/robot_b/robot_b_l_wheel.dae
-- Up-to-date symlink: /home/g1/tomato_ws/install/description/share/description/meshes/robot_b/robot_b_l_wheel.stl
-- Up-to-date symlink: /home/g1/tomato_ws/install/description/share/description/meshes/robot_b/robot_b_r_wheel.dae
-- Up-to-date symlink: /home/g1/tomato_ws/install/description/share/description/meshes/robot_b/robot_b_r_wheel.stl
-- Up-to-date symlink: /home/g1/tomato_ws/install/description/share/description/urdf/macros.xacro
-- Up-to-date symlink: /home/g1/tomato_ws/install/description/share/description/urdf/robot_2.xacro
-- Up-to-date symlink: /home/g1/tomato_ws/install/description/share/description/rviz/robot.rviz
-- Symlinking: /home/g1/tomato_ws/install/description/share/description/worlds/tomato_fram.world
-- Symlinking: /home/g1/tomato_ws/install/description/share/description/worlds/tomato_fram/model.config
-- Symlinking: /home/g1/tomato_ws/install/description/share/description/worlds/tomato_fram/model.sdf
-- Up-to-date symlink: /home/g1/tomato_ws/install/description/share/ament_index/resource_index/package_run_dependencies/description
-- Up-to-date symlink: /home/g1/tomato_ws/install/description/share/ament_index/resource_index/parent_prefix_path/description
-- Up-to-date symlink: /home/g1/tomato_ws/install/description/share/description/environment/ament_prefix_path.sh
-- Up-to-date symlink: /home/g1/tomato_ws/install/description/share/description/environment/ament_prefix_path.dsv
-- Up-to-date symlink: /home/g1/tomato_ws/install/description/share/description/environment/path.sh
-- Up-to-date symlink: /home/g1/tomato_ws/install/description/share/description/environment/path.dsv
-- Up-to-date symlink: /home/g1/tomato_ws/install/description/share/description/local_setup.bash
-- Up-to-date symlink: /home/g1/tomato_ws/install/description/share/description/local_setup.sh
-- Up-to-date symlink: /home/g1/tomato_ws/install/description/share/description/local_setup.zsh
-- Up-to-date symlink: /home/g1/tomato_ws/install/description/share/description/local_setup.dsv
-- Symlinking: /home/g1/tomato_ws/install/description/share/description/package.dsv
-- Up-to-date symlink: /home/g1/tomato_ws/install/description/share/ament_index/resource_index/packages/description
-- Up-to-date symlink: /home/g1/tomato_ws/install/description/share/description/cmake/descriptionConfig.cmake
-- Up-to-date symlink: /home/g1/tomato_ws/install/description/share/description/cmake/descriptionConfig-version.cmake
-- Up-to-date symlink: /home/g1/tomato_ws/install/description/share/description/package.xml
