[0.010s] Invoking command in '/home/g1/tomato_ws/build/description': CMAKE_PREFIX_PATH=${CMAKE_PREFIX_PATH}:/home/g1/tomato_ws/install/tomato_fram:/home/g1/work/turtlebot3_ws/install/turtlebot3_teleop:/home/g1/work/turtlebot3_ws/install/turtlebot3_example:/opt/ros/humble /usr/bin/cmake --build /home/g1/tomato_ws/build/description -- -j16 -l16
[0.032s] -- Found ament_cmake: 1.3.10 (/opt/ros/humble/share/ament_cmake/cmake)
[0.110s] -- Override CMake install command with custom implementation using symlinks instead of copying resources
[0.115s] -- Found ament_lint_auto: 0.12.11 (/opt/ros/humble/share/ament_lint_auto/cmake)
[0.161s] -- Added test 'lint_cmake' to check CMake code style
[0.163s] -- Added test 'xmllint' to check XML markup files
[0.163s] -- Configuring done
[0.165s] -- Generating done
[0.167s] -- Build files have been written to: /home/g1/tomato_ws/build/description
[0.208s] Invoked command in '/home/g1/tomato_ws/build/description' returned '0': CMAKE_PREFIX_PATH=${CMAKE_PREFIX_PATH}:/home/g1/tomato_ws/install/tomato_fram:/home/g1/work/turtlebot3_ws/install/turtlebot3_teleop:/home/g1/work/turtlebot3_ws/install/turtlebot3_example:/opt/ros/humble /usr/bin/cmake --build /home/g1/tomato_ws/build/description -- -j16 -l16
[0.218s] Invoking command in '/home/g1/tomato_ws/build/description': CMAKE_PREFIX_PATH=${CMAKE_PREFIX_PATH}:/home/g1/tomato_ws/install/tomato_fram:/home/g1/work/turtlebot3_ws/install/turtlebot3_teleop:/home/g1/work/turtlebot3_ws/install/turtlebot3_example:/opt/ros/humble /usr/bin/cmake --install /home/g1/tomato_ws/build/description
[0.224s] -- Install configuration: ""
[0.225s] -- Execute custom install script
[0.225s] -- Up-to-date symlink: /home/g1/tomato_ws/install/description/share/description/meshes/robot_a/robot_a_body.dae
[0.225s] -- Up-to-date symlink: /home/g1/tomato_ws/install/description/share/description/meshes/robot_a/robot_a_body.stl
[0.225s] -- Up-to-date symlink: /home/g1/tomato_ws/install/description/share/description/meshes/robot_a/robot_a_l_wheel.dae
[0.225s] -- Up-to-date symlink: /home/g1/tomato_ws/install/description/share/description/meshes/robot_a/robot_a_l_wheel.stl
[0.226s] -- Up-to-date symlink: /home/g1/tomato_ws/install/description/share/description/meshes/robot_a/robot_a_r_wheel.dae
[0.226s] -- Up-to-date symlink: /home/g1/tomato_ws/install/description/share/description/meshes/robot_a/robot_a_r_wheel.stl
[0.226s] -- Up-to-date symlink: /home/g1/tomato_ws/install/description/share/description/meshes/robot_b/lds.stl
[0.226s] -- Up-to-date symlink: /home/g1/tomato_ws/install/description/share/description/meshes/robot_b/robot_b_body.dae
[0.226s] -- Up-to-date symlink: /home/g1/tomato_ws/install/description/share/description/meshes/robot_b/robot_b_body.stl
[0.226s] -- Up-to-date symlink: /home/g1/tomato_ws/install/description/share/description/meshes/robot_b/robot_b_l_wheel.dae
[0.226s] -- Up-to-date symlink: /home/g1/tomato_ws/install/description/share/description/meshes/robot_b/robot_b_l_wheel.stl
[0.226s] -- Up-to-date symlink: /home/g1/tomato_ws/install/description/share/description/meshes/robot_b/robot_b_r_wheel.dae
[0.226s] -- Up-to-date symlink: /home/g1/tomato_ws/install/description/share/description/meshes/robot_b/robot_b_r_wheel.stl
[0.226s] -- Up-to-date symlink: /home/g1/tomato_ws/install/description/share/description/urdf/macros.xacro
[0.226s] -- Up-to-date symlink: /home/g1/tomato_ws/install/description/share/description/urdf/robot_2.xacro
[0.226s] -- Up-to-date symlink: /home/g1/tomato_ws/install/description/share/description/rviz/robot.rviz
[0.226s] -- Symlinking: /home/g1/tomato_ws/install/description/share/description/worlds/tomato_fram.world
[0.234s] -- Symlinking: /home/g1/tomato_ws/install/description/share/description/worlds/tomato_fram/model.config
[0.243s] -- Symlinking: /home/g1/tomato_ws/install/description/share/description/worlds/tomato_fram/model.sdf
[0.250s] -- Up-to-date symlink: /home/g1/tomato_ws/install/description/share/ament_index/resource_index/package_run_dependencies/description
[0.251s] -- Up-to-date symlink: /home/g1/tomato_ws/install/description/share/ament_index/resource_index/parent_prefix_path/description
[0.251s] -- Up-to-date symlink: /home/g1/tomato_ws/install/description/share/description/environment/ament_prefix_path.sh
[0.251s] -- Up-to-date symlink: /home/g1/tomato_ws/install/description/share/description/environment/ament_prefix_path.dsv
[0.251s] -- Up-to-date symlink: /home/g1/tomato_ws/install/description/share/description/environment/path.sh
[0.251s] -- Up-to-date symlink: /home/g1/tomato_ws/install/description/share/description/environment/path.dsv
[0.252s] -- Up-to-date symlink: /home/g1/tomato_ws/install/description/share/description/local_setup.bash
[0.252s] -- Up-to-date symlink: /home/g1/tomato_ws/install/description/share/description/local_setup.sh
[0.252s] -- Up-to-date symlink: /home/g1/tomato_ws/install/description/share/description/local_setup.zsh
[0.252s] -- Up-to-date symlink: /home/g1/tomato_ws/install/description/share/description/local_setup.dsv
[0.252s] -- Symlinking: /home/g1/tomato_ws/install/description/share/description/package.dsv
[0.260s] -- Up-to-date symlink: /home/g1/tomato_ws/install/description/share/ament_index/resource_index/packages/description
[0.260s] -- Up-to-date symlink: /home/g1/tomato_ws/install/description/share/description/cmake/descriptionConfig.cmake
[0.260s] -- Up-to-date symlink: /home/g1/tomato_ws/install/description/share/description/cmake/descriptionConfig-version.cmake
[0.260s] -- Up-to-date symlink: /home/g1/tomato_ws/install/description/share/description/package.xml
[0.263s] Invoked command in '/home/g1/tomato_ws/build/description' returned '0': CMAKE_PREFIX_PATH=${CMAKE_PREFIX_PATH}:/home/g1/tomato_ws/install/tomato_fram:/home/g1/work/turtlebot3_ws/install/turtlebot3_teleop:/home/g1/work/turtlebot3_ws/install/turtlebot3_example:/opt/ros/humble /usr/bin/cmake --install /home/g1/tomato_ws/build/description
