[0.426s] Invoking command in '/home/g1/tomato_ws/build/tomato_fram': PYTHONPATH=/home/g1/tomato_ws/build/tomato_fram/prefix_override:/usr/lib/python3/dist-packages/colcon_core/task/python/colcon_distutils_commands:/home/g1/tomato_ws/install/tomato_fram/lib/python3.10/site-packages:${PYTHONPATH} /usr/bin/python3 -W ignore:setup.py install is deprecated -W ignore:easy_install command is deprecated setup.py develop --editable --build-directory /home/g1/tomato_ws/build/tomato_fram/build --no-deps symlink_data
[0.601s] running develop
[0.734s] running egg_info
[0.734s] writing tomato_fram.egg-info/PKG-INFO
[0.734s] writing dependency_links to tomato_fram.egg-info/dependency_links.txt
[0.734s] writing entry points to tomato_fram.egg-info/entry_points.txt
[0.734s] writing requirements to tomato_fram.egg-info/requires.txt
[0.734s] writing top-level names to tomato_fram.egg-info/top_level.txt
[0.735s] reading manifest file 'tomato_fram.egg-info/SOURCES.txt'
[0.736s] writing manifest file 'tomato_fram.egg-info/SOURCES.txt'
[0.736s] running build_ext
[0.736s] Creating /home/g1/tomato_ws/install/tomato_fram/lib/python3.10/site-packages/tomato-fram.egg-link (link to .)
[0.737s] Installing diff_driver script to /home/g1/tomato_ws/install/tomato_fram/lib/tomato_fram
[0.737s] Installing object_detector script to /home/g1/tomato_ws/install/tomato_fram/lib/tomato_fram
[0.737s] Installing tomato_gui script to /home/g1/tomato_ws/install/tomato_fram/lib/tomato_fram
[0.737s] Installing tomato_gui_version2 script to /home/g1/tomato_ws/install/tomato_fram/lib/tomato_fram
[0.737s] 
[0.737s] Installed /home/g1/tomato_ws/build/tomato_fram
[0.737s] running symlink_data
[0.760s] Invoked command in '/home/g1/tomato_ws/build/tomato_fram' returned '0': PYTHONPATH=/home/g1/tomato_ws/build/tomato_fram/prefix_override:/usr/lib/python3/dist-packages/colcon_core/task/python/colcon_distutils_commands:/home/g1/tomato_ws/install/tomato_fram/lib/python3.10/site-packages:${PYTHONPATH} /usr/bin/python3 -W ignore:setup.py install is deprecated -W ignore:easy_install command is deprecated setup.py develop --editable --build-directory /home/g1/tomato_ws/build/tomato_fram/build --no-deps symlink_data
