[0.011s] Invoking command in '/home/g1/tomato_ws/build/description': CMAKE_PREFIX_PATH=${CMAKE_PREFIX_PATH}:/home/g1/tomato_ws/install/tomato_fram:/home/g1/work/turtlebot3_ws/install/turtlebot3_teleop:/home/g1/work/turtlebot3_ws/install/turtlebot3_example:/opt/ros/humble /usr/bin/cmake /home/g1/tomato_ws/src/description -DAMENT_CMAKE_SYMLINK_INSTALL=1 -DCMAKE_INSTALL_PREFIX=/home/g1/tomato_ws/install/description
[0.126s] -- The C compiler identification is GNU 11.4.0
[0.215s] -- The CXX compiler identification is GNU 11.4.0
[0.227s] -- Detecting C compiler ABI info
[0.294s] -- Detecting C compiler ABI info - done
[0.298s] -- Check for working C compiler: /usr/bin/cc - skipped
[0.299s] -- Detecting C compile features
[0.299s] -- Detecting C compile features - done
[0.301s] -- Detecting CXX compiler ABI info
[0.373s] -- Detecting CXX compiler ABI info - done
[0.377s] -- Check for working CXX compiler: /usr/bin/c++ - skipped
[0.378s] -- Detecting CXX compile features
[0.378s] -- Detecting CXX compile features - done
[0.385s] -- Found ament_cmake: 1.3.10 (/opt/ros/humble/share/ament_cmake/cmake)
[0.510s] -- Found Python3: /usr/bin/python3 (found version "3.10.12") found components: Interpreter 
[0.559s] -- Override CMake install command with custom implementation using symlinks instead of copying resources
[0.603s] -- Found ament_lint_auto: 0.12.11 (/opt/ros/humble/share/ament_lint_auto/cmake)
[0.668s] -- Added test 'lint_cmake' to check CMake code style
[0.670s] -- Added test 'xmllint' to check XML markup files
[0.672s] -- Configuring done
[0.674s] -- Generating done
[0.675s] -- Build files have been written to: /home/g1/tomato_ws/build/description
[0.679s] Invoked command in '/home/g1/tomato_ws/build/description' returned '0': CMAKE_PREFIX_PATH=${CMAKE_PREFIX_PATH}:/home/g1/tomato_ws/install/tomato_fram:/home/g1/work/turtlebot3_ws/install/turtlebot3_teleop:/home/g1/work/turtlebot3_ws/install/turtlebot3_example:/opt/ros/humble /usr/bin/cmake /home/g1/tomato_ws/src/description -DAMENT_CMAKE_SYMLINK_INSTALL=1 -DCMAKE_INSTALL_PREFIX=/home/g1/tomato_ws/install/description
[0.681s] Invoking command in '/home/g1/tomato_ws/build/description': CMAKE_PREFIX_PATH=${CMAKE_PREFIX_PATH}:/home/g1/tomato_ws/install/tomato_fram:/home/g1/work/turtlebot3_ws/install/turtlebot3_teleop:/home/g1/work/turtlebot3_ws/install/turtlebot3_example:/opt/ros/humble /usr/bin/cmake --build /home/g1/tomato_ws/build/description -- -j16 -l16
[0.718s] Invoked command in '/home/g1/tomato_ws/build/description' returned '0': CMAKE_PREFIX_PATH=${CMAKE_PREFIX_PATH}:/home/g1/tomato_ws/install/tomato_fram:/home/g1/work/turtlebot3_ws/install/turtlebot3_teleop:/home/g1/work/turtlebot3_ws/install/turtlebot3_example:/opt/ros/humble /usr/bin/cmake --build /home/g1/tomato_ws/build/description -- -j16 -l16
[0.727s] Invoking command in '/home/g1/tomato_ws/build/description': CMAKE_PREFIX_PATH=${CMAKE_PREFIX_PATH}:/home/g1/tomato_ws/install/tomato_fram:/home/g1/work/turtlebot3_ws/install/turtlebot3_teleop:/home/g1/work/turtlebot3_ws/install/turtlebot3_example:/opt/ros/humble /usr/bin/cmake --install /home/g1/tomato_ws/build/description
[0.734s] -- Install configuration: ""
[0.734s] -- Execute custom install script
[0.735s] -- Symlinking: /home/g1/tomato_ws/install/description/share/description/meshes/robot_a/robot_a_body.dae
[0.744s] -- Symlinking: /home/g1/tomato_ws/install/description/share/description/meshes/robot_a/robot_a_body.stl
[0.752s] -- Symlinking: /home/g1/tomato_ws/install/description/share/description/meshes/robot_a/robot_a_l_wheel.dae
[0.761s] -- Symlinking: /home/g1/tomato_ws/install/description/share/description/meshes/robot_a/robot_a_l_wheel.stl
[0.770s] -- Symlinking: /home/g1/tomato_ws/install/description/share/description/meshes/robot_a/robot_a_r_wheel.dae
[0.778s] -- Symlinking: /home/g1/tomato_ws/install/description/share/description/meshes/robot_a/robot_a_r_wheel.stl
[0.786s] -- Symlinking: /home/g1/tomato_ws/install/description/share/description/meshes/robot_b/lds.stl
[0.794s] -- Symlinking: /home/g1/tomato_ws/install/description/share/description/meshes/robot_b/robot_b_body.dae
[0.801s] -- Symlinking: /home/g1/tomato_ws/install/description/share/description/meshes/robot_b/robot_b_body.stl
[0.812s] -- Symlinking: /home/g1/tomato_ws/install/description/share/description/meshes/robot_b/robot_b_l_wheel.dae
[0.821s] -- Symlinking: /home/g1/tomato_ws/install/description/share/description/meshes/robot_b/robot_b_l_wheel.stl
[0.830s] -- Symlinking: /home/g1/tomato_ws/install/description/share/description/meshes/robot_b/robot_b_r_wheel.dae
[0.839s] -- Symlinking: /home/g1/tomato_ws/install/description/share/description/meshes/robot_b/robot_b_r_wheel.stl
[0.849s] -- Symlinking: /home/g1/tomato_ws/install/description/share/description/urdf/macros.xacro
[0.858s] -- Symlinking: /home/g1/tomato_ws/install/description/share/description/urdf/robot_2.xacro
[0.867s] -- Symlinking: /home/g1/tomato_ws/install/description/share/description/rviz/robot.rviz
[0.876s] -- Symlinking: /home/g1/tomato_ws/install/description/share/ament_index/resource_index/package_run_dependencies/description
[0.883s] -- Symlinking: /home/g1/tomato_ws/install/description/share/ament_index/resource_index/parent_prefix_path/description
[0.891s] -- Symlinking: /home/g1/tomato_ws/install/description/share/description/environment/ament_prefix_path.sh
[0.900s] -- Symlinking: /home/g1/tomato_ws/install/description/share/description/environment/ament_prefix_path.dsv
[0.908s] -- Symlinking: /home/g1/tomato_ws/install/description/share/description/environment/path.sh
[0.916s] -- Symlinking: /home/g1/tomato_ws/install/description/share/description/environment/path.dsv
[0.925s] -- Symlinking: /home/g1/tomato_ws/install/description/share/description/local_setup.bash
[0.935s] -- Symlinking: /home/g1/tomato_ws/install/description/share/description/local_setup.sh
[0.943s] -- Symlinking: /home/g1/tomato_ws/install/description/share/description/local_setup.zsh
[0.952s] -- Symlinking: /home/g1/tomato_ws/install/description/share/description/local_setup.dsv
[0.959s] -- Symlinking: /home/g1/tomato_ws/install/description/share/description/package.dsv
[0.967s] -- Symlinking: /home/g1/tomato_ws/install/description/share/ament_index/resource_index/packages/description
[0.974s] -- Symlinking: /home/g1/tomato_ws/install/description/share/description/cmake/descriptionConfig.cmake
[0.982s] -- Symlinking: /home/g1/tomato_ws/install/description/share/description/cmake/descriptionConfig-version.cmake
[0.990s] -- Symlinking: /home/g1/tomato_ws/install/description/share/description/package.xml
[1.003s] Invoked command in '/home/g1/tomato_ws/build/description' returned '0': CMAKE_PREFIX_PATH=${CMAKE_PREFIX_PATH}:/home/g1/tomato_ws/install/tomato_fram:/home/g1/work/turtlebot3_ws/install/turtlebot3_teleop:/home/g1/work/turtlebot3_ws/install/turtlebot3_example:/opt/ros/humble /usr/bin/cmake --install /home/g1/tomato_ws/build/description
