[0.007s] Invoking command in '/home/g1/tomato_ws/src/build/description': CMAKE_PREFIX_PATH=${CMAKE_PREFIX_PATH}:/home/g1/tomato_ws/install/tomato_fram:/home/g1/work/turtlebot3_ws/install/turtlebot3_teleop:/home/g1/work/turtlebot3_ws/install/turtlebot3_example:/opt/ros/humble /usr/bin/cmake /home/g1/tomato_ws/src/description -DAMENT_CMAKE_SYMLINK_INSTALL=1 -DCMAKE_INSTALL_PREFIX=/home/g1/tomato_ws/src/install/description
[0.045s] -- The C compiler identification is GNU 11.4.0
[0.083s] -- The CXX compiler identification is GNU 11.4.0
[0.087s] -- Detecting C compiler ABI info
[0.138s] -- Detecting C compiler ABI info - done
[0.142s] -- Check for working C compiler: /usr/bin/cc - skipped
[0.142s] -- Detecting C compile features
[0.142s] -- Detecting C compile features - done
[0.144s] -- Detecting CXX compiler ABI info
[0.202s] -- Detecting CXX compiler ABI info - done
[0.206s] -- Check for working CXX compiler: /usr/bin/c++ - skipped
[0.206s] -- Detecting CXX compile features
[0.206s] -- Detecting CXX compile features - done
[0.209s] -- Found ament_cmake: 1.3.11 (/opt/ros/humble/share/ament_cmake/cmake)
[0.317s] -- Found Python3: /usr/bin/python3 (found version "3.10.12") found components: Interpreter 
[0.359s] -- Override CMake install command with custom implementation using symlinks instead of copying resources
[0.418s] -- Found ament_lint_auto: 0.12.11 (/opt/ros/humble/share/ament_lint_auto/cmake)
[0.480s] -- Added test 'lint_cmake' to check CMake code style
[0.483s] -- Added test 'xmllint' to check XML markup files
[0.484s] -- Configuring done
[0.486s] -- Generating done
[0.487s] -- Build files have been written to: /home/g1/tomato_ws/src/build/description
[0.490s] Invoked command in '/home/g1/tomato_ws/src/build/description' returned '0': CMAKE_PREFIX_PATH=${CMAKE_PREFIX_PATH}:/home/g1/tomato_ws/install/tomato_fram:/home/g1/work/turtlebot3_ws/install/turtlebot3_teleop:/home/g1/work/turtlebot3_ws/install/turtlebot3_example:/opt/ros/humble /usr/bin/cmake /home/g1/tomato_ws/src/description -DAMENT_CMAKE_SYMLINK_INSTALL=1 -DCMAKE_INSTALL_PREFIX=/home/g1/tomato_ws/src/install/description
[0.492s] Invoking command in '/home/g1/tomato_ws/src/build/description': CMAKE_PREFIX_PATH=${CMAKE_PREFIX_PATH}:/home/g1/tomato_ws/install/tomato_fram:/home/g1/work/turtlebot3_ws/install/turtlebot3_teleop:/home/g1/work/turtlebot3_ws/install/turtlebot3_example:/opt/ros/humble /usr/bin/cmake --build /home/g1/tomato_ws/src/build/description -- -j16 -l16
[0.525s] Invoked command in '/home/g1/tomato_ws/src/build/description' returned '0': CMAKE_PREFIX_PATH=${CMAKE_PREFIX_PATH}:/home/g1/tomato_ws/install/tomato_fram:/home/g1/work/turtlebot3_ws/install/turtlebot3_teleop:/home/g1/work/turtlebot3_ws/install/turtlebot3_example:/opt/ros/humble /usr/bin/cmake --build /home/g1/tomato_ws/src/build/description -- -j16 -l16
[0.533s] Invoking command in '/home/g1/tomato_ws/src/build/description': CMAKE_PREFIX_PATH=${CMAKE_PREFIX_PATH}:/home/g1/tomato_ws/install/tomato_fram:/home/g1/work/turtlebot3_ws/install/turtlebot3_teleop:/home/g1/work/turtlebot3_ws/install/turtlebot3_example:/opt/ros/humble /usr/bin/cmake --install /home/g1/tomato_ws/src/build/description
[0.539s] -- Install configuration: ""
[0.539s] -- Execute custom install script
[0.540s] -- Symlinking: /home/g1/tomato_ws/src/install/description/share/description/meshes/robot_a/robot_a_body.dae
[0.548s] -- Symlinking: /home/g1/tomato_ws/src/install/description/share/description/meshes/robot_a/robot_a_body.stl
[0.555s] -- Symlinking: /home/g1/tomato_ws/src/install/description/share/description/meshes/robot_a/robot_a_l_wheel.dae
[0.564s] -- Symlinking: /home/g1/tomato_ws/src/install/description/share/description/meshes/robot_a/robot_a_l_wheel.stl
[0.571s] -- Symlinking: /home/g1/tomato_ws/src/install/description/share/description/meshes/robot_a/robot_a_r_wheel.dae
[0.578s] -- Symlinking: /home/g1/tomato_ws/src/install/description/share/description/meshes/robot_a/robot_a_r_wheel.stl
[0.587s] -- Symlinking: /home/g1/tomato_ws/src/install/description/share/description/meshes/robot_b/lds.stl
[0.594s] -- Symlinking: /home/g1/tomato_ws/src/install/description/share/description/meshes/robot_b/robot_b_body.dae
[0.602s] -- Symlinking: /home/g1/tomato_ws/src/install/description/share/description/meshes/robot_b/robot_b_body.stl
[0.610s] -- Symlinking: /home/g1/tomato_ws/src/install/description/share/description/meshes/robot_b/robot_b_l_wheel.dae
[0.617s] -- Symlinking: /home/g1/tomato_ws/src/install/description/share/description/meshes/robot_b/robot_b_l_wheel.stl
[0.624s] -- Symlinking: /home/g1/tomato_ws/src/install/description/share/description/meshes/robot_b/robot_b_r_wheel.dae
[0.631s] -- Symlinking: /home/g1/tomato_ws/src/install/description/share/description/meshes/robot_b/robot_b_r_wheel.stl
[0.640s] -- Symlinking: /home/g1/tomato_ws/src/install/description/share/description/urdf/macros.xacro
[0.647s] -- Symlinking: /home/g1/tomato_ws/src/install/description/share/description/urdf/robot_2.xacro
[0.654s] -- Symlinking: /home/g1/tomato_ws/src/install/description/share/description/urdf/turtlebot3_waffle.urdf
[0.662s] -- Symlinking: /home/g1/tomato_ws/src/install/description/share/description/rviz/robot.rviz
[0.669s] -- Symlinking: /home/g1/tomato_ws/src/install/description/share/description/worlds/new_farm/model.config
[0.676s] -- Symlinking: /home/g1/tomato_ws/src/install/description/share/description/worlds/new_farm/model.sdf
[0.684s] -- Symlinking: /home/g1/tomato_ws/src/install/description/share/description/worlds/new_farm_small.world
[0.691s] -- Symlinking: /home/g1/tomato_ws/src/install/description/share/description/worlds/new_farm_without_plate.world
[0.699s] -- Symlinking: /home/g1/tomato_ws/src/install/description/share/description/worlds/new_frarm/model.config
[0.706s] -- Symlinking: /home/g1/tomato_ws/src/install/description/share/description/worlds/new_frarm/model.sdf
[0.713s] -- Symlinking: /home/g1/tomato_ws/src/install/description/share/description/worlds/tomato_fram.world
[0.720s] -- Symlinking: /home/g1/tomato_ws/src/install/description/share/description/worlds/tomato_fram/model.config
[0.728s] -- Symlinking: /home/g1/tomato_ws/src/install/description/share/description/worlds/tomato_fram/model.sdf
[0.737s] -- Symlinking: /home/g1/tomato_ws/src/install/description/share/description/worlds/without_plate_and_less_tree.world
[0.744s] -- Symlinking: /home/g1/tomato_ws/src/install/description/share/description/worlds/without_plate_farm.world
[0.752s] -- Symlinking: /home/g1/tomato_ws/src/install/description/share/description/models/turtlebot3_burger/meshes/burger_base.dae
[0.759s] -- Symlinking: /home/g1/tomato_ws/src/install/description/share/description/models/turtlebot3_burger/meshes/lds.dae
[0.767s] -- Symlinking: /home/g1/tomato_ws/src/install/description/share/description/models/turtlebot3_burger/meshes/tire.dae
[0.774s] -- Symlinking: /home/g1/tomato_ws/src/install/description/share/description/models/turtlebot3_burger/model-1_4.sdf
[0.782s] -- Symlinking: /home/g1/tomato_ws/src/install/description/share/description/models/turtlebot3_burger/model.config
[0.789s] -- Symlinking: /home/g1/tomato_ws/src/install/description/share/description/models/turtlebot3_burger/model.sdf
[0.798s] -- Symlinking: /home/g1/tomato_ws/src/install/description/share/description/models/turtlebot3_waffle/meshes/lds.dae
[0.805s] -- Symlinking: /home/g1/tomato_ws/src/install/description/share/description/models/turtlebot3_waffle/meshes/r200.dae
[0.812s] -- Symlinking: /home/g1/tomato_ws/src/install/description/share/description/models/turtlebot3_waffle/meshes/tire.dae
[0.819s] -- Symlinking: /home/g1/tomato_ws/src/install/description/share/description/models/turtlebot3_waffle/meshes/waffle_base.dae
[0.827s] -- Symlinking: /home/g1/tomato_ws/src/install/description/share/description/models/turtlebot3_waffle/model-1_4.sdf
[0.835s] -- Symlinking: /home/g1/tomato_ws/src/install/description/share/description/models/turtlebot3_waffle/model.config
[0.843s] -- Symlinking: /home/g1/tomato_ws/src/install/description/share/description/models/turtlebot3_waffle/model.sdf
[0.850s] -- Symlinking: /home/g1/tomato_ws/src/install/description/share/description/models/turtlebot3_waffle/model_nocamera.sdf
[0.860s] -- Symlinking: /home/g1/tomato_ws/src/install/description/share/description/map/new_tomato_map.pgm
[0.869s] -- Symlinking: /home/g1/tomato_ws/src/install/description/share/description/map/new_tomato_map.yaml
[0.877s] -- Symlinking: /home/g1/tomato_ws/src/install/description/share/ament_index/resource_index/package_run_dependencies/description
[0.884s] -- Symlinking: /home/g1/tomato_ws/src/install/description/share/ament_index/resource_index/parent_prefix_path/description
[0.893s] -- Symlinking: /home/g1/tomato_ws/src/install/description/share/description/environment/ament_prefix_path.sh
[0.900s] -- Symlinking: /home/g1/tomato_ws/src/install/description/share/description/environment/ament_prefix_path.dsv
[0.908s] -- Symlinking: /home/g1/tomato_ws/src/install/description/share/description/environment/path.sh
[0.916s] -- Symlinking: /home/g1/tomato_ws/src/install/description/share/description/environment/path.dsv
[0.923s] -- Symlinking: /home/g1/tomato_ws/src/install/description/share/description/local_setup.bash
[0.931s] -- Symlinking: /home/g1/tomato_ws/src/install/description/share/description/local_setup.sh
[0.938s] -- Symlinking: /home/g1/tomato_ws/src/install/description/share/description/local_setup.zsh
[0.948s] -- Symlinking: /home/g1/tomato_ws/src/install/description/share/description/local_setup.dsv
[0.956s] -- Symlinking: /home/g1/tomato_ws/src/install/description/share/description/package.dsv
[0.963s] -- Symlinking: /home/g1/tomato_ws/src/install/description/share/ament_index/resource_index/packages/description
[0.971s] -- Symlinking: /home/g1/tomato_ws/src/install/description/share/description/cmake/descriptionConfig.cmake
[0.979s] -- Symlinking: /home/g1/tomato_ws/src/install/description/share/description/cmake/descriptionConfig-version.cmake
[0.987s] -- Symlinking: /home/g1/tomato_ws/src/install/description/share/description/package.xml
[0.997s] Invoked command in '/home/g1/tomato_ws/src/build/description' returned '0': CMAKE_PREFIX_PATH=${CMAKE_PREFIX_PATH}:/home/g1/tomato_ws/install/tomato_fram:/home/g1/work/turtlebot3_ws/install/turtlebot3_teleop:/home/g1/work/turtlebot3_ws/install/turtlebot3_example:/opt/ros/humble /usr/bin/cmake --install /home/g1/tomato_ws/src/build/description
