[0.010s] Invoking command in '/home/g1/tomato_ws/build/description': CMAKE_PREFIX_PATH=${CMAKE_PREFIX_PATH}:/home/g1/work/turtlebot3_ws/install/turtlebot3_teleop:/home/g1/work/turtlebot3_ws/install/turtlebot3_example:/opt/ros/humble /usr/bin/cmake /home/g1/tomato_ws/src/description -DAMENT_CMAKE_SYMLINK_INSTALL=1 -DCMAKE_INSTALL_PREFIX=/home/g1/tomato_ws/install/description
[0.099s] -- The C compiler identification is GNU 11.4.0
[0.163s] -- The CXX compiler identification is GNU 11.4.0
[0.171s] -- Detecting C compiler ABI info
[0.230s] -- Detecting C compiler ABI info - done
[0.234s] -- Check for working C compiler: /usr/bin/cc - skipped
[0.234s] -- Detecting C compile features
[0.235s] -- Detecting C compile features - done
[0.237s] -- Detecting CXX compiler ABI info
[0.300s] -- Detecting CXX compiler ABI info - done
[0.308s] -- Check for working CXX compiler: /usr/bin/c++ - skipped
[0.309s] -- Detecting CXX compile features
[0.309s] -- Detecting CXX compile features - done
[0.316s] -- Found ament_cmake: 1.3.11 (/opt/ros/humble/share/ament_cmake/cmake)
[0.429s] -- Found Python3: /usr/bin/python3 (found version "3.10.12") found components: Interpreter 
[0.469s] -- Override CMake install command with custom implementation using symlinks instead of copying resources
[0.520s] -- Found ament_lint_auto: 0.12.11 (/opt/ros/humble/share/ament_lint_auto/cmake)
[0.576s] -- Added test 'lint_cmake' to check CMake code style
[0.578s] -- Added test 'xmllint' to check XML markup files
[0.579s] -- Configuring done
[0.581s] -- Generating done
[0.582s] -- Build files have been written to: /home/g1/tomato_ws/build/description
[0.585s] Invoked command in '/home/g1/tomato_ws/build/description' returned '0': CMAKE_PREFIX_PATH=${CMAKE_PREFIX_PATH}:/home/g1/work/turtlebot3_ws/install/turtlebot3_teleop:/home/g1/work/turtlebot3_ws/install/turtlebot3_example:/opt/ros/humble /usr/bin/cmake /home/g1/tomato_ws/src/description -DAMENT_CMAKE_SYMLINK_INSTALL=1 -DCMAKE_INSTALL_PREFIX=/home/g1/tomato_ws/install/description
[0.587s] Invoking command in '/home/g1/tomato_ws/build/description': CMAKE_PREFIX_PATH=${CMAKE_PREFIX_PATH}:/home/g1/work/turtlebot3_ws/install/turtlebot3_teleop:/home/g1/work/turtlebot3_ws/install/turtlebot3_example:/opt/ros/humble /usr/bin/cmake --build /home/g1/tomato_ws/build/description -- -j16 -l16
[0.620s] Invoked command in '/home/g1/tomato_ws/build/description' returned '0': CMAKE_PREFIX_PATH=${CMAKE_PREFIX_PATH}:/home/g1/work/turtlebot3_ws/install/turtlebot3_teleop:/home/g1/work/turtlebot3_ws/install/turtlebot3_example:/opt/ros/humble /usr/bin/cmake --build /home/g1/tomato_ws/build/description -- -j16 -l16
[0.627s] Invoking command in '/home/g1/tomato_ws/build/description': CMAKE_PREFIX_PATH=${CMAKE_PREFIX_PATH}:/home/g1/work/turtlebot3_ws/install/turtlebot3_teleop:/home/g1/work/turtlebot3_ws/install/turtlebot3_example:/opt/ros/humble /usr/bin/cmake --install /home/g1/tomato_ws/build/description
[0.632s] -- Install configuration: ""
[0.632s] -- Execute custom install script
[0.633s] -- Symlinking: /home/g1/tomato_ws/install/description/share/description/meshes/robot_a/robot_a_body.dae
[0.639s] -- Symlinking: /home/g1/tomato_ws/install/description/share/description/meshes/robot_a/robot_a_body.stl
[0.646s] -- Symlinking: /home/g1/tomato_ws/install/description/share/description/meshes/robot_a/robot_a_l_wheel.dae
[0.652s] -- Symlinking: /home/g1/tomato_ws/install/description/share/description/meshes/robot_a/robot_a_l_wheel.stl
[0.659s] -- Symlinking: /home/g1/tomato_ws/install/description/share/description/meshes/robot_a/robot_a_r_wheel.dae
[0.665s] -- Symlinking: /home/g1/tomato_ws/install/description/share/description/meshes/robot_a/robot_a_r_wheel.stl
[0.672s] -- Symlinking: /home/g1/tomato_ws/install/description/share/description/meshes/robot_b/lds.stl
[0.678s] -- Symlinking: /home/g1/tomato_ws/install/description/share/description/meshes/robot_b/robot_b_body.dae
[0.684s] -- Symlinking: /home/g1/tomato_ws/install/description/share/description/meshes/robot_b/robot_b_body.stl
[0.691s] -- Symlinking: /home/g1/tomato_ws/install/description/share/description/meshes/robot_b/robot_b_l_wheel.dae
[0.699s] -- Symlinking: /home/g1/tomato_ws/install/description/share/description/meshes/robot_b/robot_b_l_wheel.stl
[0.705s] -- Symlinking: /home/g1/tomato_ws/install/description/share/description/meshes/robot_b/robot_b_r_wheel.dae
[0.712s] -- Symlinking: /home/g1/tomato_ws/install/description/share/description/meshes/robot_b/robot_b_r_wheel.stl
[0.719s] -- Symlinking: /home/g1/tomato_ws/install/description/share/description/urdf/macros.xacro
[0.725s] -- Symlinking: /home/g1/tomato_ws/install/description/share/description/urdf/robot_2.xacro
[0.733s] -- Symlinking: /home/g1/tomato_ws/install/description/share/description/urdf/turtlebot3_waffle.urdf
[0.740s] -- Symlinking: /home/g1/tomato_ws/install/description/share/description/rviz/robot.rviz
[0.747s] -- Symlinking: /home/g1/tomato_ws/install/description/share/description/worlds/tomato_fram.world
[0.755s] -- Symlinking: /home/g1/tomato_ws/install/description/share/description/worlds/tomato_fram/model.config
[0.761s] -- Symlinking: /home/g1/tomato_ws/install/description/share/description/worlds/tomato_fram/model.sdf
[0.768s] -- Symlinking: /home/g1/tomato_ws/install/description/share/description/worlds/without_plate_and_less_tree.world
[0.777s] -- Symlinking: /home/g1/tomato_ws/install/description/share/description/worlds/without_plate_farm.world
[0.785s] -- Symlinking: /home/g1/tomato_ws/install/description/share/description/models/turtlebot3_burger/meshes/burger_base.dae
[0.792s] -- Symlinking: /home/g1/tomato_ws/install/description/share/description/models/turtlebot3_burger/meshes/lds.dae
[0.798s] -- Symlinking: /home/g1/tomato_ws/install/description/share/description/models/turtlebot3_burger/meshes/tire.dae
[0.804s] -- Symlinking: /home/g1/tomato_ws/install/description/share/description/models/turtlebot3_burger/model-1_4.sdf
[0.810s] -- Symlinking: /home/g1/tomato_ws/install/description/share/description/models/turtlebot3_burger/model.config
[0.817s] -- Symlinking: /home/g1/tomato_ws/install/description/share/description/models/turtlebot3_burger/model.sdf
[0.824s] -- Symlinking: /home/g1/tomato_ws/install/description/share/description/models/turtlebot3_waffle/meshes/lds.dae
[0.832s] -- Symlinking: /home/g1/tomato_ws/install/description/share/description/models/turtlebot3_waffle/meshes/r200.dae
[0.839s] -- Symlinking: /home/g1/tomato_ws/install/description/share/description/models/turtlebot3_waffle/meshes/tire.dae
[0.845s] -- Symlinking: /home/g1/tomato_ws/install/description/share/description/models/turtlebot3_waffle/meshes/waffle_base.dae
[0.852s] -- Symlinking: /home/g1/tomato_ws/install/description/share/description/models/turtlebot3_waffle/model-1_4.sdf
[0.859s] -- Symlinking: /home/g1/tomato_ws/install/description/share/description/models/turtlebot3_waffle/model.config
[0.865s] -- Symlinking: /home/g1/tomato_ws/install/description/share/description/models/turtlebot3_waffle/model.sdf
[0.872s] -- Symlinking: /home/g1/tomato_ws/install/description/share/description/models/turtlebot3_waffle/model_nocamera.sdf
[0.878s] -- Symlinking: /home/g1/tomato_ws/install/description/share/ament_index/resource_index/package_run_dependencies/description
[0.885s] -- Symlinking: /home/g1/tomato_ws/install/description/share/ament_index/resource_index/parent_prefix_path/description
[0.893s] -- Symlinking: /home/g1/tomato_ws/install/description/share/description/environment/ament_prefix_path.sh
[0.901s] -- Symlinking: /home/g1/tomato_ws/install/description/share/description/environment/ament_prefix_path.dsv
[0.908s] -- Symlinking: /home/g1/tomato_ws/install/description/share/description/environment/path.sh
[0.914s] -- Symlinking: /home/g1/tomato_ws/install/description/share/description/environment/path.dsv
[0.921s] -- Symlinking: /home/g1/tomato_ws/install/description/share/description/local_setup.bash
[0.927s] -- Symlinking: /home/g1/tomato_ws/install/description/share/description/local_setup.sh
[0.933s] -- Symlinking: /home/g1/tomato_ws/install/description/share/description/local_setup.zsh
[0.939s] -- Symlinking: /home/g1/tomato_ws/install/description/share/description/local_setup.dsv
[0.946s] -- Symlinking: /home/g1/tomato_ws/install/description/share/description/package.dsv
[0.953s] -- Symlinking: /home/g1/tomato_ws/install/description/share/ament_index/resource_index/packages/description
[0.960s] -- Symlinking: /home/g1/tomato_ws/install/description/share/description/cmake/descriptionConfig.cmake
[0.967s] -- Symlinking: /home/g1/tomato_ws/install/description/share/description/cmake/descriptionConfig-version.cmake
[0.973s] -- Symlinking: /home/g1/tomato_ws/install/description/share/description/package.xml
[0.982s] Invoked command in '/home/g1/tomato_ws/build/description' returned '0': CMAKE_PREFIX_PATH=${CMAKE_PREFIX_PATH}:/home/g1/work/turtlebot3_ws/install/turtlebot3_teleop:/home/g1/work/turtlebot3_ws/install/turtlebot3_example:/opt/ros/humble /usr/bin/cmake --install /home/g1/tomato_ws/build/description
