-- Install configuration: ""
-- Execute custom install script
-- Up-to-date symlink: /home/g1/tomato_ws/install/description/share/description/meshes/robot_a/robot_a_body.dae
-- Up-to-date symlink: /home/g1/tomato_ws/install/description/share/description/meshes/robot_a/robot_a_body.stl
-- Up-to-date symlink: /home/g1/tomato_ws/install/description/share/description/meshes/robot_a/robot_a_l_wheel.dae
-- Up-to-date symlink: /home/g1/tomato_ws/install/description/share/description/meshes/robot_a/robot_a_l_wheel.stl
-- Up-to-date symlink: /home/g1/tomato_ws/install/description/share/description/meshes/robot_a/robot_a_r_wheel.dae
-- Up-to-date symlink: /home/g1/tomato_ws/install/description/share/description/meshes/robot_a/robot_a_r_wheel.stl
-- Up-to-date symlink: /home/g1/tomato_ws/install/description/share/description/meshes/robot_b/lds.stl
-- Up-to-date symlink: /home/g1/tomato_ws/install/description/share/description/meshes/robot_b/robot_b_body.dae
-- Up-to-date symlink: /home/g1/tomato_ws/install/description/share/description/meshes/robot_b/robot_b_body.stl
-- Up-to-date symlink: /home/g1/tomato_ws/install/description/share/description/meshes/robot_b/robot_b_l_wheel.dae
-- Up-to-date symlink: /home/g1/tomato_ws/install/description/share/description/meshes/robot_b/robot_b_l_wheel.stl
-- Up-to-date symlink: /home/g1/tomato_ws/install/description/share/description/meshes/robot_b/robot_b_r_wheel.dae
-- Up-to-date symlink: /home/g1/tomato_ws/install/description/share/description/meshes/robot_b/robot_b_r_wheel.stl
-- Up-to-date symlink: /home/g1/tomato_ws/install/description/share/description/urdf/common_properties.urdf
-- Up-to-date symlink: /home/g1/tomato_ws/install/description/share/description/urdf/macros.xacro
-- Up-to-date symlink: /home/g1/tomato_ws/install/description/share/description/urdf/robot_2.xacro
-- Up-to-date symlink: /home/g1/tomato_ws/install/description/share/description/urdf/turtlebot3_burger.urdf
-- Up-to-date symlink: /home/g1/tomato_ws/install/description/share/description/urdf/turtlebot3_waffle.urdf
-- Up-to-date symlink: /home/g1/tomato_ws/install/description/share/description/rviz/robot.rviz
-- Up-to-date symlink: /home/g1/tomato_ws/install/description/share/description/rviz/robot_with_laserscan.rviz
-- Up-to-date symlink: /home/g1/tomato_ws/install/description/share/description/rviz/turtlebot.rviz
-- Up-to-date symlink: /home/g1/tomato_ws/install/description/share/description/worlds/tomato_fram.world
-- Up-to-date symlink: /home/g1/tomato_ws/install/description/share/description/worlds/tomato_fram/model.config
-- Up-to-date symlink: /home/g1/tomato_ws/install/description/share/description/worlds/tomato_fram/model.sdf
-- Up-to-date symlink: /home/g1/tomato_ws/install/description/share/description/models/robot_a/meshes/robot_a_body.dae
-- Up-to-date symlink: /home/g1/tomato_ws/install/description/share/description/models/robot_a/meshes/robot_a_l_wheel.dae
-- Up-to-date symlink: /home/g1/tomato_ws/install/description/share/description/models/robot_a/meshes/robot_a_r_wheel.dae
-- Up-to-date symlink: /home/g1/tomato_ws/install/description/share/description/models/robot_a/model.config
-- Up-to-date symlink: /home/g1/tomato_ws/install/description/share/description/models/robot_a/robot_a.sdf
-- Up-to-date symlink: /home/g1/tomato_ws/install/description/share/description/models/turtlebot3_burger/meshes/burger_base.dae
-- Up-to-date symlink: /home/g1/tomato_ws/install/description/share/description/models/turtlebot3_burger/meshes/lds.dae
-- Up-to-date symlink: /home/g1/tomato_ws/install/description/share/description/models/turtlebot3_burger/meshes/tire.dae
-- Up-to-date symlink: /home/g1/tomato_ws/install/description/share/description/models/turtlebot3_burger/model-1_4.sdf
-- Up-to-date symlink: /home/g1/tomato_ws/install/description/share/description/models/turtlebot3_burger/model.config
-- Up-to-date symlink: /home/g1/tomato_ws/install/description/share/description/models/turtlebot3_burger/model.sdf
-- Up-to-date symlink: /home/g1/tomato_ws/install/description/share/description/models/turtlebot3_waffle/meshes/lds.dae
-- Up-to-date symlink: /home/g1/tomato_ws/install/description/share/description/models/turtlebot3_waffle/meshes/r200.dae
-- Up-to-date symlink: /home/g1/tomato_ws/install/description/share/description/models/turtlebot3_waffle/meshes/tire.dae
-- Up-to-date symlink: /home/g1/tomato_ws/install/description/share/description/models/turtlebot3_waffle/meshes/waffle_base.dae
-- Up-to-date symlink: /home/g1/tomato_ws/install/description/share/description/models/turtlebot3_waffle/model-1_4.sdf
-- Up-to-date symlink: /home/g1/tomato_ws/install/description/share/description/models/turtlebot3_waffle/model.config
-- Up-to-date symlink: /home/g1/tomato_ws/install/description/share/description/models/turtlebot3_waffle/model.sdf
-- Up-to-date symlink: /home/g1/tomato_ws/install/description/share/description/models/turtlebot3_waffle/model_nocamera.sdf
-- Up-to-date symlink: /home/g1/tomato_ws/install/description/share/ament_index/resource_index/package_run_dependencies/description
-- Up-to-date symlink: /home/g1/tomato_ws/install/description/share/ament_index/resource_index/parent_prefix_path/description
-- Up-to-date symlink: /home/g1/tomato_ws/install/description/share/description/environment/ament_prefix_path.sh
-- Up-to-date symlink: /home/g1/tomato_ws/install/description/share/description/environment/ament_prefix_path.dsv
-- Up-to-date symlink: /home/g1/tomato_ws/install/description/share/description/environment/path.sh
-- Up-to-date symlink: /home/g1/tomato_ws/install/description/share/description/environment/path.dsv
-- Up-to-date symlink: /home/g1/tomato_ws/install/description/share/description/local_setup.bash
-- Up-to-date symlink: /home/g1/tomato_ws/install/description/share/description/local_setup.sh
-- Up-to-date symlink: /home/g1/tomato_ws/install/description/share/description/local_setup.zsh
-- Up-to-date symlink: /home/g1/tomato_ws/install/description/share/description/local_setup.dsv
-- Symlinking: /home/g1/tomato_ws/install/description/share/description/package.dsv
-- Up-to-date symlink: /home/g1/tomato_ws/install/description/share/ament_index/resource_index/packages/description
-- Up-to-date symlink: /home/g1/tomato_ws/install/description/share/description/cmake/descriptionConfig.cmake
-- Up-to-date symlink: /home/g1/tomato_ws/install/description/share/description/cmake/descriptionConfig-version.cmake
-- Up-to-date symlink: /home/g1/tomato_ws/install/description/share/description/package.xml
