[0.186s] Invoking command in '/home/g1/tomato_ws/build/turtlebot3_description': CMAKE_PREFIX_PATH=${CMAKE_PREFIX_PATH}:/home/g1/tomato_ws/install/tomato_fram:/home/g1/work/turtlebot3_ws/install/turtlebot3_teleop:/home/g1/work/turtlebot3_ws/install/turtlebot3_example:/opt/ros/humble /usr/bin/cmake /home/g1/tomato_ws/src/turtlebot3_description -DAMENT_CMAKE_SYMLINK_INSTALL=1 -DCMAKE_INSTALL_PREFIX=/home/g1/tomato_ws/install/turtlebot3_description
[0.225s] -- The C compiler identification is GNU 11.4.0
[0.262s] -- The CXX compiler identification is GNU 11.4.0
[0.267s] -- Detecting C compiler ABI info
[0.318s] -- Detecting C compiler ABI info - done
[0.322s] -- Check for working C compiler: /usr/bin/cc - skipped
[0.322s] -- Detecting C compile features
[0.322s] -- Detecting C compile features - done
[0.324s] -- Detecting CXX compiler ABI info
[0.384s] -- Detecting CXX compiler ABI info - done
[0.389s] -- Check for working CXX compiler: /usr/bin/c++ - skipped
[0.389s] -- Detecting CXX compile features
[0.389s] -- Detecting CXX compile features - done
[0.392s] -- Found ament_cmake: 1.3.10 (/opt/ros/humble/share/ament_cmake/cmake)
[0.495s] -- Found Python3: /usr/bin/python3 (found version "3.10.12") found components: Interpreter 
[0.533s] -- Override CMake install command with custom implementation using symlinks instead of copying resources
[0.564s] -- Found urdf: 2.6.1 (/opt/ros/humble/share/urdf/cmake)
[0.649s] -- Configuring done
[0.651s] -- Generating done
[0.652s] -- Build files have been written to: /home/g1/tomato_ws/build/turtlebot3_description
[0.658s] Invoked command in '/home/g1/tomato_ws/build/turtlebot3_description' returned '0': CMAKE_PREFIX_PATH=${CMAKE_PREFIX_PATH}:/home/g1/tomato_ws/install/tomato_fram:/home/g1/work/turtlebot3_ws/install/turtlebot3_teleop:/home/g1/work/turtlebot3_ws/install/turtlebot3_example:/opt/ros/humble /usr/bin/cmake /home/g1/tomato_ws/src/turtlebot3_description -DAMENT_CMAKE_SYMLINK_INSTALL=1 -DCMAKE_INSTALL_PREFIX=/home/g1/tomato_ws/install/turtlebot3_description
[0.660s] Invoking command in '/home/g1/tomato_ws/build/turtlebot3_description': CMAKE_PREFIX_PATH=${CMAKE_PREFIX_PATH}:/home/g1/tomato_ws/install/tomato_fram:/home/g1/work/turtlebot3_ws/install/turtlebot3_teleop:/home/g1/work/turtlebot3_ws/install/turtlebot3_example:/opt/ros/humble /usr/bin/cmake --build /home/g1/tomato_ws/build/turtlebot3_description -- -j16 -l16
[0.690s] Invoked command in '/home/g1/tomato_ws/build/turtlebot3_description' returned '0': CMAKE_PREFIX_PATH=${CMAKE_PREFIX_PATH}:/home/g1/tomato_ws/install/tomato_fram:/home/g1/work/turtlebot3_ws/install/turtlebot3_teleop:/home/g1/work/turtlebot3_ws/install/turtlebot3_example:/opt/ros/humble /usr/bin/cmake --build /home/g1/tomato_ws/build/turtlebot3_description -- -j16 -l16
[0.692s] Invoking command in '/home/g1/tomato_ws/build/turtlebot3_description': CMAKE_PREFIX_PATH=${CMAKE_PREFIX_PATH}:/home/g1/tomato_ws/install/tomato_fram:/home/g1/work/turtlebot3_ws/install/turtlebot3_teleop:/home/g1/work/turtlebot3_ws/install/turtlebot3_example:/opt/ros/humble /usr/bin/cmake --install /home/g1/tomato_ws/build/turtlebot3_description
[0.697s] -- Install configuration: ""
[0.697s] -- Execute custom install script
[0.697s] -- Symlinking: /home/g1/tomato_ws/install/turtlebot3_description/share/turtlebot3_description/meshes/bases/burger_base.stl
[0.704s] -- Symlinking: /home/g1/tomato_ws/install/turtlebot3_description/share/turtlebot3_description/meshes/bases/waffle_base.stl
[0.710s] -- Symlinking: /home/g1/tomato_ws/install/turtlebot3_description/share/turtlebot3_description/meshes/bases/waffle_pi_base.stl
[0.716s] -- Symlinking: /home/g1/tomato_ws/install/turtlebot3_description/share/turtlebot3_description/meshes/sensors/astra.dae
[0.723s] -- Symlinking: /home/g1/tomato_ws/install/turtlebot3_description/share/turtlebot3_description/meshes/sensors/astra.jpg
[0.729s] -- Symlinking: /home/g1/tomato_ws/install/turtlebot3_description/share/turtlebot3_description/meshes/sensors/lds.stl
[0.736s] -- Symlinking: /home/g1/tomato_ws/install/turtlebot3_description/share/turtlebot3_description/meshes/sensors/r200.dae
[0.743s] -- Symlinking: /home/g1/tomato_ws/install/turtlebot3_description/share/turtlebot3_description/meshes/sensors/r200.jpg
[0.751s] -- Symlinking: /home/g1/tomato_ws/install/turtlebot3_description/share/turtlebot3_description/meshes/wheels/left_tire.stl
[0.758s] -- Symlinking: /home/g1/tomato_ws/install/turtlebot3_description/share/turtlebot3_description/meshes/wheels/right_tire.stl
[0.765s] -- Symlinking: /home/g1/tomato_ws/install/turtlebot3_description/share/turtlebot3_description/rviz/model.rviz
[0.771s] -- Symlinking: /home/g1/tomato_ws/install/turtlebot3_description/share/turtlebot3_description/urdf/common_properties.urdf
[0.777s] -- Symlinking: /home/g1/tomato_ws/install/turtlebot3_description/share/turtlebot3_description/urdf/turtlebot3_burger.urdf
[0.784s] -- Symlinking: /home/g1/tomato_ws/install/turtlebot3_description/share/turtlebot3_description/urdf/turtlebot3_waffle.urdf
[0.791s] -- Symlinking: /home/g1/tomato_ws/install/turtlebot3_description/share/turtlebot3_description/urdf/turtlebot3_waffle_pi.urdf
[0.798s] -- Symlinking: /home/g1/tomato_ws/install/turtlebot3_description/share/ament_index/resource_index/package_run_dependencies/turtlebot3_description
[0.804s] -- Symlinking: /home/g1/tomato_ws/install/turtlebot3_description/share/ament_index/resource_index/parent_prefix_path/turtlebot3_description
[0.811s] -- Symlinking: /home/g1/tomato_ws/install/turtlebot3_description/share/turtlebot3_description/environment/ament_prefix_path.sh
[0.818s] -- Symlinking: /home/g1/tomato_ws/install/turtlebot3_description/share/turtlebot3_description/environment/ament_prefix_path.dsv
[0.825s] -- Symlinking: /home/g1/tomato_ws/install/turtlebot3_description/share/turtlebot3_description/environment/path.sh
[0.831s] -- Symlinking: /home/g1/tomato_ws/install/turtlebot3_description/share/turtlebot3_description/environment/path.dsv
[0.838s] -- Symlinking: /home/g1/tomato_ws/install/turtlebot3_description/share/turtlebot3_description/local_setup.bash
[0.844s] -- Symlinking: /home/g1/tomato_ws/install/turtlebot3_description/share/turtlebot3_description/local_setup.sh
[0.851s] -- Symlinking: /home/g1/tomato_ws/install/turtlebot3_description/share/turtlebot3_description/local_setup.zsh
[0.857s] -- Symlinking: /home/g1/tomato_ws/install/turtlebot3_description/share/turtlebot3_description/local_setup.dsv
[0.863s] -- Symlinking: /home/g1/tomato_ws/install/turtlebot3_description/share/turtlebot3_description/package.dsv
[0.870s] -- Symlinking: /home/g1/tomato_ws/install/turtlebot3_description/share/ament_index/resource_index/packages/turtlebot3_description
[0.876s] -- Symlinking: /home/g1/tomato_ws/install/turtlebot3_description/share/turtlebot3_description/cmake/turtlebot3_descriptionConfig.cmake
[0.882s] -- Symlinking: /home/g1/tomato_ws/install/turtlebot3_description/share/turtlebot3_description/cmake/turtlebot3_descriptionConfig-version.cmake
[0.889s] -- Symlinking: /home/g1/tomato_ws/install/turtlebot3_description/share/turtlebot3_description/package.xml
[0.898s] Invoked command in '/home/g1/tomato_ws/build/turtlebot3_description' returned '0': CMAKE_PREFIX_PATH=${CMAKE_PREFIX_PATH}:/home/g1/tomato_ws/install/tomato_fram:/home/g1/work/turtlebot3_ws/install/turtlebot3_teleop:/home/g1/work/turtlebot3_ws/install/turtlebot3_example:/opt/ros/humble /usr/bin/cmake --install /home/g1/tomato_ws/build/turtlebot3_description
